{"/home/aneopsy/AneoChain/src/httpServer/index.js":{"path":"/home/aneopsy/AneoChain/src/httpServer/index.js","statementMap":{"0":{"start":{"line":1,"column":16},"end":{"line":1,"column":34}},"1":{"start":{"line":2,"column":19},"end":{"line":2,"column":41}},"2":{"start":{"line":3,"column":18},"end":{"line":3,"column":47}},"3":{"start":{"line":4,"column":10},"end":{"line":4,"column":26}},"4":{"start":{"line":5,"column":24},"end":{"line":5,"column":49}},"5":{"start":{"line":6,"column":14},"end":{"line":6,"column":44}},"6":{"start":{"line":7,"column":20},"end":{"line":7,"column":56}},"7":{"start":{"line":8,"column":34},"end":{"line":8,"column":84}},"8":{"start":{"line":9,"column":28},"end":{"line":9,"column":72}},"9":{"start":{"line":10,"column":18},"end":{"line":10,"column":40}},"10":{"start":{"line":11,"column":22},"end":{"line":11,"column":54}},"11":{"start":{"line":12,"column":19},"end":{"line":12,"column":48}},"12":{"start":{"line":16,"column":8},"end":{"line":16,"column":29}},"13":{"start":{"line":18,"column":30},"end":{"line":25,"column":9}},"14":{"start":{"line":19,"column":12},"end":{"line":24,"column":14}},"15":{"start":{"line":22,"column":20},"end":{"line":22,"column":45}},"16":{"start":{"line":27,"column":8},"end":{"line":27,"column":40}},"17":{"start":{"line":29,"column":8},"end":{"line":29,"column":85}},"18":{"start":{"line":31,"column":8},"end":{"line":33,"column":11}},"19":{"start":{"line":32,"column":12},"end":{"line":32,"column":60}},"20":{"start":{"line":35,"column":8},"end":{"line":40,"column":11}},"21":{"start":{"line":36,"column":28},"end":{"line":36,"column":53}},"22":{"start":{"line":37,"column":12},"end":{"line":37,"column":84}},"23":{"start":{"line":37,"column":35},"end":{"line":37,"column":84}},"24":{"start":{"line":39,"column":12},"end":{"line":39,"column":44}},"25":{"start":{"line":42,"column":8},"end":{"line":49,"column":11}},"26":{"start":{"line":43,"column":31},"end":{"line":43,"column":55}},"27":{"start":{"line":44,"column":25},"end":{"line":44,"column":62}},"28":{"start":{"line":46,"column":12},"end":{"line":48,"column":67}},"29":{"start":{"line":46,"column":32},"end":{"line":46,"column":92}},"30":{"start":{"line":47,"column":17},"end":{"line":48,"column":67}},"31":{"start":{"line":47,"column":29},"end":{"line":47,"column":64}},"32":{"start":{"line":48,"column":17},"end":{"line":48,"column":67}},"33":{"start":{"line":51,"column":8},"end":{"line":56,"column":11}},"34":{"start":{"line":52,"column":29},"end":{"line":52,"column":71}},"35":{"start":{"line":53,"column":12},"end":{"line":53,"column":111}},"36":{"start":{"line":53,"column":36},"end":{"line":53,"column":111}},"37":{"start":{"line":55,"column":12},"end":{"line":55,"column":45}},"38":{"start":{"line":58,"column":8},"end":{"line":63,"column":11}},"39":{"start":{"line":59,"column":29},"end":{"line":59,"column":73}},"40":{"start":{"line":60,"column":12},"end":{"line":60,"column":113}},"41":{"start":{"line":60,"column":36},"end":{"line":60,"column":113}},"42":{"start":{"line":62,"column":12},"end":{"line":62,"column":45}},"43":{"start":{"line":65,"column":8},"end":{"line":70,"column":11}},"44":{"start":{"line":66,"column":39},"end":{"line":66,"column":100}},"45":{"start":{"line":67,"column":12},"end":{"line":67,"column":139}},"46":{"start":{"line":67,"column":46},"end":{"line":67,"column":139}},"47":{"start":{"line":69,"column":12},"end":{"line":69,"column":55}},"48":{"start":{"line":72,"column":8},"end":{"line":74,"column":11}},"49":{"start":{"line":73,"column":12},"end":{"line":73,"column":66}},"50":{"start":{"line":76,"column":8},"end":{"line":89,"column":11}},"51":{"start":{"line":77,"column":37},"end":{"line":77,"column":67}},"52":{"start":{"line":78,"column":35},"end":{"line":78,"column":87}},"53":{"start":{"line":80,"column":12},"end":{"line":80,"column":124}},"54":{"start":{"line":80,"column":42},"end":{"line":80,"column":124}},"55":{"start":{"line":82,"column":12},"end":{"line":88,"column":13}},"56":{"start":{"line":83,"column":37},"end":{"line":83,"column":82}},"57":{"start":{"line":84,"column":16},"end":{"line":84,"column":53}},"58":{"start":{"line":86,"column":16},"end":{"line":87,"column":30}},"59":{"start":{"line":86,"column":61},"end":{"line":86,"column":122}},"60":{"start":{"line":87,"column":21},"end":{"line":87,"column":30}},"61":{"start":{"line":91,"column":8},"end":{"line":93,"column":11}},"62":{"start":{"line":92,"column":12},"end":{"line":92,"column":97}},"63":{"start":{"line":95,"column":8},"end":{"line":101,"column":11}},"64":{"start":{"line":96,"column":26},"end":{"line":96,"column":47}},"65":{"start":{"line":98,"column":35},"end":{"line":98,"column":64}},"66":{"start":{"line":100,"column":12},"end":{"line":100,"column":51}},"67":{"start":{"line":103,"column":8},"end":{"line":112,"column":11}},"68":{"start":{"line":104,"column":27},"end":{"line":104,"column":44}},"69":{"start":{"line":105,"column":12},"end":{"line":105,"column":123}},"70":{"start":{"line":105,"column":55},"end":{"line":105,"column":123}},"71":{"start":{"line":107,"column":28},"end":{"line":107,"column":71}},"72":{"start":{"line":109,"column":34},"end":{"line":109,"column":58}},"73":{"start":{"line":111,"column":12},"end":{"line":111,"column":50}},"74":{"start":{"line":114,"column":8},"end":{"line":121,"column":11}},"75":{"start":{"line":115,"column":30},"end":{"line":115,"column":73}},"76":{"start":{"line":116,"column":12},"end":{"line":116,"column":115}},"77":{"start":{"line":116,"column":37},"end":{"line":116,"column":115}},"78":{"start":{"line":118,"column":34},"end":{"line":118,"column":60}},"79":{"start":{"line":120,"column":12},"end":{"line":120,"column":50}},"80":{"start":{"line":123,"column":8},"end":{"line":143,"column":11}},"81":{"start":{"line":124,"column":27},"end":{"line":124,"column":46}},"82":{"start":{"line":125,"column":27},"end":{"line":125,"column":47}},"83":{"start":{"line":127,"column":12},"end":{"line":127,"column":93}},"84":{"start":{"line":127,"column":34},"end":{"line":127,"column":93}},"85":{"start":{"line":128,"column":31},"end":{"line":128,"column":56}},"86":{"start":{"line":130,"column":12},"end":{"line":142,"column":13}},"87":{"start":{"line":131,"column":16},"end":{"line":131,"column":145}},"88":{"start":{"line":131,"column":75},"end":{"line":131,"column":145}},"89":{"start":{"line":133,"column":37},"end":{"line":133,"column":156}},"90":{"start":{"line":135,"column":16},"end":{"line":135,"column":39}},"91":{"start":{"line":137,"column":41},"end":{"line":137,"column":104}},"92":{"start":{"line":138,"column":16},"end":{"line":138,"column":57}},"93":{"start":{"line":140,"column":16},"end":{"line":141,"column":30}},"94":{"start":{"line":140,"column":92},"end":{"line":140,"column":143}},"95":{"start":{"line":141,"column":21},"end":{"line":141,"column":30}},"96":{"start":{"line":145,"column":8},"end":{"line":154,"column":11}},"97":{"start":{"line":146,"column":27},"end":{"line":146,"column":46}},"98":{"start":{"line":147,"column":12},"end":{"line":153,"column":13}},"99":{"start":{"line":148,"column":32},"end":{"line":148,"column":72}},"100":{"start":{"line":149,"column":16},"end":{"line":149,"column":48}},"101":{"start":{"line":151,"column":16},"end":{"line":152,"column":30}},"102":{"start":{"line":151,"column":49},"end":{"line":151,"column":100}},"103":{"start":{"line":152,"column":21},"end":{"line":152,"column":30}},"104":{"start":{"line":156,"column":8},"end":{"line":172,"column":11}},"105":{"start":{"line":157,"column":27},"end":{"line":157,"column":46}},"106":{"start":{"line":158,"column":27},"end":{"line":158,"column":47}},"107":{"start":{"line":160,"column":12},"end":{"line":160,"column":93}},"108":{"start":{"line":160,"column":34},"end":{"line":160,"column":93}},"109":{"start":{"line":161,"column":31},"end":{"line":161,"column":56}},"110":{"start":{"line":163,"column":12},"end":{"line":171,"column":13}},"111":{"start":{"line":164,"column":16},"end":{"line":164,"column":145}},"112":{"start":{"line":164,"column":75},"end":{"line":164,"column":145}},"113":{"start":{"line":166,"column":33},"end":{"line":166,"column":76}},"114":{"start":{"line":167,"column":16},"end":{"line":167,"column":62}},"115":{"start":{"line":169,"column":16},"end":{"line":170,"column":30}},"116":{"start":{"line":169,"column":49},"end":{"line":169,"column":100}},"117":{"start":{"line":170,"column":21},"end":{"line":170,"column":30}},"118":{"start":{"line":174,"column":8},"end":{"line":185,"column":11}},"119":{"start":{"line":175,"column":27},"end":{"line":175,"column":46}},"120":{"start":{"line":176,"column":28},"end":{"line":176,"column":48}},"121":{"start":{"line":178,"column":12},"end":{"line":184,"column":13}},"122":{"start":{"line":179,"column":30},"end":{"line":179,"column":86}},"123":{"start":{"line":180,"column":16},"end":{"line":180,"column":59}},"124":{"start":{"line":182,"column":16},"end":{"line":183,"column":30}},"125":{"start":{"line":182,"column":49},"end":{"line":182,"column":115}},"126":{"start":{"line":183,"column":21},"end":{"line":183,"column":30}},"127":{"start":{"line":187,"column":8},"end":{"line":189,"column":11}},"128":{"start":{"line":188,"column":12},"end":{"line":188,"column":45}},"129":{"start":{"line":191,"column":8},"end":{"line":194,"column":11}},"130":{"start":{"line":192,"column":26},"end":{"line":192,"column":54}},"131":{"start":{"line":193,"column":12},"end":{"line":193,"column":42}},"132":{"start":{"line":196,"column":8},"end":{"line":201,"column":11}},"133":{"start":{"line":197,"column":12},"end":{"line":200,"column":19}},"134":{"start":{"line":199,"column":20},"end":{"line":199,"column":75}},"135":{"start":{"line":203,"column":8},"end":{"line":214,"column":11}},"136":{"start":{"line":204,"column":12},"end":{"line":213,"column":19}},"137":{"start":{"line":206,"column":20},"end":{"line":206,"column":56}},"138":{"start":{"line":207,"column":20},"end":{"line":207,"column":50}},"139":{"start":{"line":208,"column":20},"end":{"line":208,"column":51}},"140":{"start":{"line":211,"column":20},"end":{"line":212,"column":34}},"141":{"start":{"line":211,"column":99},"end":{"line":211,"column":192}},"142":{"start":{"line":212,"column":25},"end":{"line":212,"column":34}},"143":{"start":{"line":216,"column":8},"end":{"line":220,"column":11}},"144":{"start":{"line":217,"column":12},"end":{"line":218,"column":33}},"145":{"start":{"line":217,"column":42},"end":{"line":217,"column":65}},"146":{"start":{"line":218,"column":17},"end":{"line":218,"column":33}},"147":{"start":{"line":219,"column":12},"end":{"line":219,"column":81}},"148":{"start":{"line":224,"column":8},"end":{"line":230,"column":11}},"149":{"start":{"line":225,"column":12},"end":{"line":229,"column":15}},"150":{"start":{"line":226,"column":16},"end":{"line":226,"column":37}},"151":{"start":{"line":226,"column":25},"end":{"line":226,"column":37}},"152":{"start":{"line":227,"column":16},"end":{"line":227,"column":180}},"153":{"start":{"line":228,"column":16},"end":{"line":228,"column":30}},"154":{"start":{"line":234,"column":0},"end":{"line":234,"column":28}}},"fnMap":{"0":{"name":"(anonymous_0)","decl":{"start":{"line":15,"column":4},"end":{"line":15,"column":5}},"loc":{"start":{"line":15,"column":51},"end":{"line":221,"column":5}},"line":15},"1":{"name":"(anonymous_1)","decl":{"start":{"line":18,"column":30},"end":{"line":18,"column":31}},"loc":{"start":{"line":18,"column":42},"end":{"line":25,"column":9}},"line":18},"2":{"name":"(anonymous_2)","decl":{"start":{"line":21,"column":33},"end":{"line":21,"column":34}},"loc":{"start":{"line":21,"column":46},"end":{"line":23,"column":17}},"line":21},"3":{"name":"(anonymous_3)","decl":{"start":{"line":31,"column":43},"end":{"line":31,"column":44}},"loc":{"start":{"line":31,"column":57},"end":{"line":33,"column":9}},"line":31},"4":{"name":"(anonymous_4)","decl":{"start":{"line":35,"column":50},"end":{"line":35,"column":51}},"loc":{"start":{"line":35,"column":64},"end":{"line":40,"column":9}},"line":35},"5":{"name":"(anonymous_5)","decl":{"start":{"line":42,"column":50},"end":{"line":42,"column":51}},"loc":{"start":{"line":42,"column":64},"end":{"line":49,"column":9}},"line":42},"6":{"name":"(anonymous_6)","decl":{"start":{"line":51,"column":66},"end":{"line":51,"column":67}},"loc":{"start":{"line":51,"column":80},"end":{"line":56,"column":9}},"line":51},"7":{"name":"(anonymous_7)","decl":{"start":{"line":58,"column":50},"end":{"line":58,"column":51}},"loc":{"start":{"line":58,"column":64},"end":{"line":63,"column":9}},"line":58},"8":{"name":"(anonymous_8)","decl":{"start":{"line":65,"column":88},"end":{"line":65,"column":89}},"loc":{"start":{"line":65,"column":102},"end":{"line":70,"column":9}},"line":65},"9":{"name":"(anonymous_9)","decl":{"start":{"line":72,"column":49},"end":{"line":72,"column":50}},"loc":{"start":{"line":72,"column":63},"end":{"line":74,"column":9}},"line":72},"10":{"name":"(anonymous_10)","decl":{"start":{"line":76,"column":50},"end":{"line":76,"column":51}},"loc":{"start":{"line":76,"column":64},"end":{"line":89,"column":9}},"line":76},"11":{"name":"(anonymous_11)","decl":{"start":{"line":91,"column":57},"end":{"line":91,"column":58}},"loc":{"start":{"line":91,"column":71},"end":{"line":93,"column":9}},"line":91},"12":{"name":"(anonymous_12)","decl":{"start":{"line":95,"column":42},"end":{"line":95,"column":43}},"loc":{"start":{"line":95,"column":56},"end":{"line":101,"column":9}},"line":95},"13":{"name":"(anonymous_13)","decl":{"start":{"line":103,"column":43},"end":{"line":103,"column":44}},"loc":{"start":{"line":103,"column":57},"end":{"line":112,"column":9}},"line":103},"14":{"name":"(anonymous_14)","decl":{"start":{"line":114,"column":52},"end":{"line":114,"column":53}},"loc":{"start":{"line":114,"column":66},"end":{"line":121,"column":9}},"line":114},"15":{"name":"(anonymous_15)","decl":{"start":{"line":123,"column":66},"end":{"line":123,"column":67}},"loc":{"start":{"line":123,"column":80},"end":{"line":143,"column":9}},"line":123},"16":{"name":"(anonymous_16)","decl":{"start":{"line":145,"column":62},"end":{"line":145,"column":63}},"loc":{"start":{"line":145,"column":76},"end":{"line":154,"column":9}},"line":145},"17":{"name":"(anonymous_17)","decl":{"start":{"line":156,"column":63},"end":{"line":156,"column":64}},"loc":{"start":{"line":156,"column":77},"end":{"line":172,"column":9}},"line":156},"18":{"name":"(anonymous_18)","decl":{"start":{"line":174,"column":81},"end":{"line":174,"column":82}},"loc":{"start":{"line":174,"column":95},"end":{"line":185,"column":9}},"line":174},"19":{"name":"(anonymous_19)","decl":{"start":{"line":187,"column":36},"end":{"line":187,"column":37}},"loc":{"start":{"line":187,"column":50},"end":{"line":189,"column":9}},"line":187},"20":{"name":"(anonymous_20)","decl":{"start":{"line":191,"column":37},"end":{"line":191,"column":38}},"loc":{"start":{"line":191,"column":51},"end":{"line":194,"column":9}},"line":191},"21":{"name":"(anonymous_21)","decl":{"start":{"line":196,"column":89},"end":{"line":196,"column":90}},"loc":{"start":{"line":196,"column":103},"end":{"line":201,"column":9}},"line":196},"22":{"name":"(anonymous_22)","decl":{"start":{"line":198,"column":22},"end":{"line":198,"column":23}},"loc":{"start":{"line":198,"column":41},"end":{"line":200,"column":17}},"line":198},"23":{"name":"(anonymous_23)","decl":{"start":{"line":203,"column":37},"end":{"line":203,"column":38}},"loc":{"start":{"line":203,"column":57},"end":{"line":214,"column":9}},"line":203},"24":{"name":"(anonymous_24)","decl":{"start":{"line":205,"column":22},"end":{"line":205,"column":23}},"loc":{"start":{"line":205,"column":36},"end":{"line":209,"column":17}},"line":205},"25":{"name":"(anonymous_25)","decl":{"start":{"line":210,"column":23},"end":{"line":210,"column":24}},"loc":{"start":{"line":210,"column":31},"end":{"line":213,"column":17}},"line":210},"26":{"name":"(anonymous_26)","decl":{"start":{"line":216,"column":21},"end":{"line":216,"column":22}},"loc":{"start":{"line":216,"column":52},"end":{"line":220,"column":9}},"line":216},"27":{"name":"(anonymous_27)","decl":{"start":{"line":223,"column":4},"end":{"line":223,"column":5}},"loc":{"start":{"line":223,"column":23},"end":{"line":231,"column":5}},"line":223},"28":{"name":"(anonymous_28)","decl":{"start":{"line":224,"column":27},"end":{"line":224,"column":28}},"loc":{"start":{"line":224,"column":48},"end":{"line":230,"column":9}},"line":224},"29":{"name":"(anonymous_29)","decl":{"start":{"line":225,"column":54},"end":{"line":225,"column":55}},"loc":{"start":{"line":225,"column":63},"end":{"line":229,"column":13}},"line":225}},"branchMap":{"0":{"loc":{"start":{"line":37,"column":12},"end":{"line":37,"column":84}},"type":"if","locations":[{"start":{"line":37,"column":12},"end":{"line":37,"column":84}},{"start":{"line":37,"column":12},"end":{"line":37,"column":84}}],"line":37},"1":{"loc":{"start":{"line":46,"column":12},"end":{"line":48,"column":67}},"type":"if","locations":[{"start":{"line":46,"column":12},"end":{"line":48,"column":67}},{"start":{"line":46,"column":12},"end":{"line":48,"column":67}}],"line":46},"2":{"loc":{"start":{"line":47,"column":17},"end":{"line":48,"column":67}},"type":"if","locations":[{"start":{"line":47,"column":17},"end":{"line":48,"column":67}},{"start":{"line":47,"column":17},"end":{"line":48,"column":67}}],"line":47},"3":{"loc":{"start":{"line":53,"column":12},"end":{"line":53,"column":111}},"type":"if","locations":[{"start":{"line":53,"column":12},"end":{"line":53,"column":111}},{"start":{"line":53,"column":12},"end":{"line":53,"column":111}}],"line":53},"4":{"loc":{"start":{"line":60,"column":12},"end":{"line":60,"column":113}},"type":"if","locations":[{"start":{"line":60,"column":12},"end":{"line":60,"column":113}},{"start":{"line":60,"column":12},"end":{"line":60,"column":113}}],"line":60},"5":{"loc":{"start":{"line":67,"column":12},"end":{"line":67,"column":139}},"type":"if","locations":[{"start":{"line":67,"column":12},"end":{"line":67,"column":139}},{"start":{"line":67,"column":12},"end":{"line":67,"column":139}}],"line":67},"6":{"loc":{"start":{"line":80,"column":12},"end":{"line":80,"column":124}},"type":"if","locations":[{"start":{"line":80,"column":12},"end":{"line":80,"column":124}},{"start":{"line":80,"column":12},"end":{"line":80,"column":124}}],"line":80},"7":{"loc":{"start":{"line":86,"column":16},"end":{"line":87,"column":30}},"type":"if","locations":[{"start":{"line":86,"column":16},"end":{"line":87,"column":30}},{"start":{"line":86,"column":16},"end":{"line":87,"column":30}}],"line":86},"8":{"loc":{"start":{"line":105,"column":12},"end":{"line":105,"column":123}},"type":"if","locations":[{"start":{"line":105,"column":12},"end":{"line":105,"column":123}},{"start":{"line":105,"column":12},"end":{"line":105,"column":123}}],"line":105},"9":{"loc":{"start":{"line":116,"column":12},"end":{"line":116,"column":115}},"type":"if","locations":[{"start":{"line":116,"column":12},"end":{"line":116,"column":115}},{"start":{"line":116,"column":12},"end":{"line":116,"column":115}}],"line":116},"10":{"loc":{"start":{"line":127,"column":12},"end":{"line":127,"column":93}},"type":"if","locations":[{"start":{"line":127,"column":12},"end":{"line":127,"column":93}},{"start":{"line":127,"column":12},"end":{"line":127,"column":93}}],"line":127},"11":{"loc":{"start":{"line":131,"column":16},"end":{"line":131,"column":145}},"type":"if","locations":[{"start":{"line":131,"column":16},"end":{"line":131,"column":145}},{"start":{"line":131,"column":16},"end":{"line":131,"column":145}}],"line":131},"12":{"loc":{"start":{"line":140,"column":16},"end":{"line":141,"column":30}},"type":"if","locations":[{"start":{"line":140,"column":16},"end":{"line":141,"column":30}},{"start":{"line":140,"column":16},"end":{"line":141,"column":30}}],"line":140},"13":{"loc":{"start":{"line":140,"column":20},"end":{"line":140,"column":90}},"type":"binary-expr","locations":[{"start":{"line":140,"column":20},"end":{"line":140,"column":47}},{"start":{"line":140,"column":51},"end":{"line":140,"column":90}}],"line":140},"14":{"loc":{"start":{"line":151,"column":16},"end":{"line":152,"column":30}},"type":"if","locations":[{"start":{"line":151,"column":16},"end":{"line":152,"column":30}},{"start":{"line":151,"column":16},"end":{"line":152,"column":30}}],"line":151},"15":{"loc":{"start":{"line":160,"column":12},"end":{"line":160,"column":93}},"type":"if","locations":[{"start":{"line":160,"column":12},"end":{"line":160,"column":93}},{"start":{"line":160,"column":12},"end":{"line":160,"column":93}}],"line":160},"16":{"loc":{"start":{"line":164,"column":16},"end":{"line":164,"column":145}},"type":"if","locations":[{"start":{"line":164,"column":16},"end":{"line":164,"column":145}},{"start":{"line":164,"column":16},"end":{"line":164,"column":145}}],"line":164},"17":{"loc":{"start":{"line":169,"column":16},"end":{"line":170,"column":30}},"type":"if","locations":[{"start":{"line":169,"column":16},"end":{"line":170,"column":30}},{"start":{"line":169,"column":16},"end":{"line":170,"column":30}}],"line":169},"18":{"loc":{"start":{"line":182,"column":16},"end":{"line":183,"column":30}},"type":"if","locations":[{"start":{"line":182,"column":16},"end":{"line":183,"column":30}},{"start":{"line":182,"column":16},"end":{"line":183,"column":30}}],"line":182},"19":{"loc":{"start":{"line":211,"column":20},"end":{"line":212,"column":34}},"type":"if","locations":[{"start":{"line":211,"column":20},"end":{"line":212,"column":34}},{"start":{"line":211,"column":20},"end":{"line":212,"column":34}}],"line":211},"20":{"loc":{"start":{"line":211,"column":24},"end":{"line":211,"column":97}},"type":"binary-expr","locations":[{"start":{"line":211,"column":24},"end":{"line":211,"column":57}},{"start":{"line":211,"column":61},"end":{"line":211,"column":97}}],"line":211},"21":{"loc":{"start":{"line":217,"column":12},"end":{"line":218,"column":33}},"type":"if","locations":[{"start":{"line":217,"column":12},"end":{"line":218,"column":33}},{"start":{"line":217,"column":12},"end":{"line":218,"column":33}}],"line":217},"22":{"loc":{"start":{"line":219,"column":36},"end":{"line":219,"column":78}},"type":"cond-expr","locations":[{"start":{"line":219,"column":48},"end":{"line":219,"column":73}},{"start":{"line":219,"column":76},"end":{"line":219,"column":78}}],"line":219},"23":{"loc":{"start":{"line":226,"column":16},"end":{"line":226,"column":37}},"type":"if","locations":[{"start":{"line":226,"column":16},"end":{"line":226,"column":37}},{"start":{"line":226,"column":16},"end":{"line":226,"column":37}}],"line":226}},"s":{"0":1,"1":1,"2":1,"3":1,"4":1,"5":1,"6":1,"7":1,"8":1,"9":1,"10":1,"11":1,"12":2,"13":2,"14":1,"15":0,"16":2,"17":2,"18":2,"19":2,"20":2,"21":2,"22":2,"23":0,"24":2,"25":2,"26":1,"27":1,"28":1,"29":0,"30":1,"31":0,"32":1,"33":2,"34":0,"35":0,"36":0,"37":0,"38":2,"39":0,"40":0,"41":0,"42":0,"43":2,"44":2,"45":2,"46":0,"47":2,"48":2,"49":3,"50":2,"51":2,"52":2,"53":2,"54":1,"55":1,"56":1,"57":1,"58":0,"59":0,"60":0,"61":2,"62":1,"63":2,"64":0,"65":0,"66":0,"67":2,"68":1,"69":1,"70":0,"71":1,"72":1,"73":1,"74":2,"75":0,"76":0,"77":0,"78":0,"79":0,"80":2,"81":2,"82":2,"83":2,"84":0,"85":2,"86":2,"87":2,"88":0,"89":2,"90":2,"91":2,"92":2,"93":0,"94":0,"95":0,"96":2,"97":0,"98":0,"99":0,"100":0,"101":0,"102":0,"103":0,"104":2,"105":2,"106":2,"107":2,"108":0,"109":2,"110":2,"111":2,"112":0,"113":2,"114":2,"115":0,"116":0,"117":0,"118":2,"119":2,"120":2,"121":2,"122":2,"123":2,"124":0,"125":0,"126":0,"127":2,"128":0,"129":2,"130":4,"131":4,"132":2,"133":3,"134":3,"135":2,"136":2,"137":2,"138":2,"139":2,"140":0,"141":0,"142":0,"143":2,"144":2,"145":2,"146":0,"147":2,"148":2,"149":2,"150":2,"151":0,"152":2,"153":2,"154":1},"f":{"0":2,"1":1,"2":0,"3":2,"4":2,"5":1,"6":0,"7":0,"8":2,"9":3,"10":2,"11":1,"12":0,"13":1,"14":0,"15":2,"16":0,"17":2,"18":2,"19":0,"20":4,"21":3,"22":3,"23":2,"24":2,"25":0,"26":2,"27":2,"28":2,"29":2},"b":{"0":[0,2],"1":[0,1],"2":[0,1],"3":[0,0],"4":[0,0],"5":[0,2],"6":[1,1],"7":[0,0],"8":[0,1],"9":[0,0],"10":[0,2],"11":[0,2],"12":[0,0],"13":[0,0],"14":[0,0],"15":[0,2],"16":[0,2],"17":[0,0],"18":[0,0],"19":[0,0],"20":[0,0],"21":[2,0],"22":[0,2],"23":[0,2]},"_coverageSchema":"332fd63041d2c1bcb487cc26dd0d5f7d97098a6c","hash":"bf2428253ccae0bffc2f16c9e52c7511b5241acc","contentHash":"8a41f883b80ef294f6b175dc3004ac67_10.3.2"},"/home/aneopsy/AneoChain/src/blockchain/block.js":{"path":"/home/aneopsy/AneoChain/src/blockchain/block.js","statementMap":{"0":{"start":{"line":1,"column":10},"end":{"line":1,"column":26}},"1":{"start":{"line":2,"column":19},"end":{"line":2,"column":48}},"2":{"start":{"line":3,"column":20},"end":{"line":3,"column":44}},"3":{"start":{"line":4,"column":21},"end":{"line":4,"column":46}},"4":{"start":{"line":29,"column":4},"end":{"line":29,"column":125}},"5":{"start":{"line":33,"column":4},"end":{"line":33,"column":52}},"6":{"start":{"line":37,"column":23},"end":{"line":53,"column":6}},"7":{"start":{"line":55,"column":4},"end":{"line":55,"column":24}},"8":{"start":{"line":59,"column":16},"end":{"line":59,"column":27}},"9":{"start":{"line":60,"column":4},"end":{"line":66,"column":13}},"10":{"start":{"line":61,"column":6},"end":{"line":65,"column":7}},"11":{"start":{"line":62,"column":8},"end":{"line":62,"column":50}},"12":{"start":{"line":64,"column":8},"end":{"line":64,"column":27}},"13":{"start":{"line":68,"column":4},"end":{"line":68,"column":32}},"14":{"start":{"line":69,"column":4},"end":{"line":69,"column":17}},"15":{"start":{"line":74,"column":0},"end":{"line":74,"column":23}}},"fnMap":{"0":{"name":"(anonymous_0)","decl":{"start":{"line":28,"column":2},"end":{"line":28,"column":3}},"loc":{"start":{"line":28,"column":11},"end":{"line":30,"column":3}},"line":28},"1":{"name":"(anonymous_1)","decl":{"start":{"line":32,"column":2},"end":{"line":32,"column":3}},"loc":{"start":{"line":32,"column":18},"end":{"line":34,"column":3}},"line":32},"2":{"name":"(anonymous_2)","decl":{"start":{"line":36,"column":2},"end":{"line":36,"column":3}},"loc":{"start":{"line":36,"column":23},"end":{"line":56,"column":3}},"line":36},"3":{"name":"(anonymous_3)","decl":{"start":{"line":58,"column":2},"end":{"line":58,"column":3}},"loc":{"start":{"line":58,"column":24},"end":{"line":70,"column":3}},"line":58},"4":{"name":"(anonymous_4)","decl":{"start":{"line":60,"column":24},"end":{"line":60,"column":25}},"loc":{"start":{"line":60,"column":40},"end":{"line":66,"column":5}},"line":60}},"branchMap":{"0":{"loc":{"start":{"line":61,"column":6},"end":{"line":65,"column":7}},"type":"if","locations":[{"start":{"line":61,"column":6},"end":{"line":65,"column":7}},{"start":{"line":61,"column":6},"end":{"line":65,"column":7}}],"line":61},"1":{"loc":{"start":{"line":61,"column":10},"end":{"line":61,"column":40}},"type":"binary-expr","locations":[{"start":{"line":61,"column":10},"end":{"line":61,"column":31}},{"start":{"line":61,"column":35},"end":{"line":61,"column":40}}],"line":61}},"s":{"0":1,"1":1,"2":1,"3":1,"4":19,"5":6,"6":3,"7":3,"8":13,"9":13,"10":73,"11":13,"12":60,"13":13,"14":13,"15":1},"f":{"0":19,"1":6,"2":3,"3":13,"4":73},"b":{"0":[13,60],"1":[73,13]},"_coverageSchema":"332fd63041d2c1bcb487cc26dd0d5f7d97098a6c","hash":"3a3c95b94671999eb8e787d0e07dbf4e054343d2","contentHash":"d8b4521d3c526755112414cc61c97e3f_10.3.2"},"/home/aneopsy/AneoChain/src/util/cryptoUtil.js":{"path":"/home/aneopsy/AneoChain/src/util/cryptoUtil.js","statementMap":{"0":{"start":{"line":1,"column":15},"end":{"line":1,"column":32}},"1":{"start":{"line":5,"column":20},"end":{"line":5,"column":82}},"2":{"start":{"line":6,"column":18},"end":{"line":6,"column":77}},"3":{"start":{"line":7,"column":4},"end":{"line":7,"column":19}},"4":{"start":{"line":11,"column":4},"end":{"line":11,"column":68}},"5":{"start":{"line":15,"column":0},"end":{"line":15,"column":28}}},"fnMap":{"0":{"name":"(anonymous_0)","decl":{"start":{"line":4,"column":2},"end":{"line":4,"column":3}},"loc":{"start":{"line":4,"column":19},"end":{"line":8,"column":3}},"line":4},"1":{"name":"(anonymous_1)","decl":{"start":{"line":10,"column":2},"end":{"line":10,"column":3}},"loc":{"start":{"line":10,"column":29},"end":{"line":12,"column":3}},"line":10}},"branchMap":{"0":{"loc":{"start":{"line":5,"column":20},"end":{"line":5,"column":82}},"type":"cond-expr","locations":[{"start":{"line":5,"column":46},"end":{"line":5,"column":65}},{"start":{"line":5,"column":68},"end":{"line":5,"column":82}}],"line":5},"1":{"loc":{"start":{"line":10,"column":18},"end":{"line":10,"column":27}},"type":"default-arg","locations":[{"start":{"line":10,"column":25},"end":{"line":10,"column":27}}],"line":10}},"s":{"0":1,"1":96,"2":96,"3":96,"4":6,"5":1},"f":{"0":96,"1":6},"b":{"0":[18,78],"1":[1]},"_coverageSchema":"332fd63041d2c1bcb487cc26dd0d5f7d97098a6c","hash":"246f1fc20756cc09f0c55fa63d5253a85010e18b","contentHash":"71b0a7f95064290293f4ac5202a81f9a_10.3.2"},"/home/aneopsy/AneoChain/src/blockchain/transaction.js":{"path":"/home/aneopsy/AneoChain/src/blockchain/transaction.js","statementMap":{"0":{"start":{"line":1,"column":10},"end":{"line":1,"column":26}},"1":{"start":{"line":2,"column":19},"end":{"line":2,"column":48}},"2":{"start":{"line":3,"column":24},"end":{"line":3,"column":58}},"3":{"start":{"line":4,"column":34},"end":{"line":4,"column":72}},"4":{"start":{"line":6,"column":28},"end":{"line":6,"column":29}},"5":{"start":{"line":40,"column":4},"end":{"line":40,"column":19}},"6":{"start":{"line":41,"column":4},"end":{"line":41,"column":21}},"7":{"start":{"line":42,"column":4},"end":{"line":42,"column":21}},"8":{"start":{"line":43,"column":4},"end":{"line":46,"column":6}},"9":{"start":{"line":51,"column":4},"end":{"line":51,"column":76}},"10":{"start":{"line":56,"column":33},"end":{"line":56,"column":59}},"11":{"start":{"line":58,"column":4},"end":{"line":61,"column":5}},"12":{"start":{"line":59,"column":6},"end":{"line":59,"column":63}},"13":{"start":{"line":60,"column":6},"end":{"line":60,"column":91}},"14":{"start":{"line":64,"column":4},"end":{"line":76,"column":25}},"15":{"start":{"line":65,"column":24},"end":{"line":69,"column":8}},"16":{"start":{"line":70,"column":29},"end":{"line":70,"column":109}},"17":{"start":{"line":72,"column":6},"end":{"line":75,"column":7}},"18":{"start":{"line":73,"column":8},"end":{"line":73,"column":90}},"19":{"start":{"line":74,"column":8},"end":{"line":74,"column":121}},"20":{"start":{"line":79,"column":4},"end":{"line":104,"column":5}},"21":{"start":{"line":81,"column":30},"end":{"line":81,"column":78}},"22":{"start":{"line":82,"column":31},"end":{"line":82,"column":80}},"23":{"start":{"line":84,"column":58},"end":{"line":84,"column":102}},"24":{"start":{"line":86,"column":6},"end":{"line":92,"column":7}},"25":{"start":{"line":87,"column":8},"end":{"line":87,"column":126}},"26":{"start":{"line":88,"column":8},"end":{"line":91,"column":11}},"27":{"start":{"line":94,"column":24},"end":{"line":94,"column":87}},"28":{"start":{"line":96,"column":6},"end":{"line":103,"column":7}},"29":{"start":{"line":97,"column":8},"end":{"line":97,"column":125}},"30":{"start":{"line":98,"column":8},"end":{"line":102,"column":11}},"31":{"start":{"line":106,"column":4},"end":{"line":106,"column":16}},"32":{"start":{"line":110,"column":22},"end":{"line":110,"column":39}},"33":{"start":{"line":111,"column":4},"end":{"line":113,"column":13}},"34":{"start":{"line":112,"column":6},"end":{"line":112,"column":31}},"35":{"start":{"line":114,"column":4},"end":{"line":114,"column":44}},"36":{"start":{"line":115,"column":4},"end":{"line":115,"column":23}},"37":{"start":{"line":119,"column":0},"end":{"line":119,"column":29}}},"fnMap":{"0":{"name":"(anonymous_0)","decl":{"start":{"line":39,"column":2},"end":{"line":39,"column":3}},"loc":{"start":{"line":39,"column":14},"end":{"line":47,"column":3}},"line":39},"1":{"name":"(anonymous_1)","decl":{"start":{"line":49,"column":2},"end":{"line":49,"column":3}},"loc":{"start":{"line":49,"column":11},"end":{"line":52,"column":3}},"line":49},"2":{"name":"(anonymous_2)","decl":{"start":{"line":54,"column":2},"end":{"line":54,"column":3}},"loc":{"start":{"line":54,"column":10},"end":{"line":107,"column":3}},"line":54},"3":{"name":"(anonymous_3)","decl":{"start":{"line":64,"column":10},"end":{"line":64,"column":11}},"loc":{"start":{"line":64,"column":23},"end":{"line":76,"column":5}},"line":64},"4":{"name":"(anonymous_4)","decl":{"start":{"line":109,"column":2},"end":{"line":109,"column":3}},"loc":{"start":{"line":109,"column":24},"end":{"line":116,"column":3}},"line":109},"5":{"name":"(anonymous_5)","decl":{"start":{"line":111,"column":24},"end":{"line":111,"column":25}},"loc":{"start":{"line":111,"column":40},"end":{"line":113,"column":5}},"line":111}},"branchMap":{"0":{"loc":{"start":{"line":58,"column":4},"end":{"line":61,"column":5}},"type":"if","locations":[{"start":{"line":58,"column":4},"end":{"line":61,"column":5}},{"start":{"line":58,"column":4},"end":{"line":61,"column":5}}],"line":58},"1":{"loc":{"start":{"line":72,"column":6},"end":{"line":75,"column":7}},"type":"if","locations":[{"start":{"line":72,"column":6},"end":{"line":75,"column":7}},{"start":{"line":72,"column":6},"end":{"line":75,"column":7}}],"line":72},"2":{"loc":{"start":{"line":79,"column":4},"end":{"line":104,"column":5}},"type":"if","locations":[{"start":{"line":79,"column":4},"end":{"line":104,"column":5}},{"start":{"line":79,"column":4},"end":{"line":104,"column":5}}],"line":79},"3":{"loc":{"start":{"line":86,"column":6},"end":{"line":92,"column":7}},"type":"if","locations":[{"start":{"line":86,"column":6},"end":{"line":92,"column":7}},{"start":{"line":86,"column":6},"end":{"line":92,"column":7}}],"line":86},"4":{"loc":{"start":{"line":96,"column":6},"end":{"line":103,"column":7}},"type":"if","locations":[{"start":{"line":96,"column":6},"end":{"line":103,"column":7}},{"start":{"line":96,"column":6},"end":{"line":103,"column":7}}],"line":96}},"s":{"0":1,"1":1,"2":1,"3":1,"4":1,"5":0,"6":0,"7":0,"8":0,"9":54,"10":17,"11":17,"12":0,"13":0,"14":17,"15":14,"16":14,"17":14,"18":0,"19":0,"20":17,"21":8,"22":8,"23":8,"24":8,"25":0,"26":0,"27":8,"28":8,"29":0,"30":0,"31":17,"32":37,"33":37,"34":148,"35":37,"36":37,"37":1},"f":{"0":0,"1":54,"2":17,"3":14,"4":37,"5":148},"b":{"0":[0,17],"1":[0,14],"2":[8,9],"3":[0,8],"4":[0,8]},"_coverageSchema":"332fd63041d2c1bcb487cc26dd0d5f7d97098a6c","hash":"a0978d1624e6e8478bb6077ba9513a389af9e469","contentHash":"7b2b09f8509440365e23525d687c7064_10.3.2"},"/home/aneopsy/AneoChain/src/util/cryptoEdDSAUtil.js":{"path":"/home/aneopsy/AneoChain/src/util/cryptoEdDSAUtil.js","statementMap":{"0":{"start":{"line":1,"column":15},"end":{"line":1,"column":32}},"1":{"start":{"line":2,"column":17},"end":{"line":2,"column":36}},"2":{"start":{"line":3,"column":14},"end":{"line":3,"column":28}},"3":{"start":{"line":4,"column":11},"end":{"line":4,"column":31}},"4":{"start":{"line":5,"column":13},"end":{"line":5,"column":79}},"5":{"start":{"line":9,"column":17},"end":{"line":9,"column":88}},"6":{"start":{"line":10,"column":4},"end":{"line":10,"column":39}},"7":{"start":{"line":11,"column":4},"end":{"line":11,"column":18}},"8":{"start":{"line":16,"column":18},"end":{"line":16,"column":42}},"9":{"start":{"line":17,"column":4},"end":{"line":17,"column":78}},"10":{"start":{"line":18,"column":4},"end":{"line":18,"column":19}},"11":{"start":{"line":22,"column":20},"end":{"line":22,"column":67}},"12":{"start":{"line":23,"column":4},"end":{"line":23,"column":45}},"13":{"start":{"line":24,"column":4},"end":{"line":24,"column":21}},"14":{"start":{"line":28,"column":14},"end":{"line":28,"column":48}},"15":{"start":{"line":29,"column":19},"end":{"line":29,"column":53}},"16":{"start":{"line":30,"column":4},"end":{"line":30,"column":41}},"17":{"start":{"line":31,"column":4},"end":{"line":31,"column":20}},"18":{"start":{"line":35,"column":4},"end":{"line":35,"column":38}},"19":{"start":{"line":39,"column":0},"end":{"line":39,"column":33}}},"fnMap":{"0":{"name":"(anonymous_0)","decl":{"start":{"line":8,"column":2},"end":{"line":8,"column":3}},"loc":{"start":{"line":8,"column":34},"end":{"line":12,"column":3}},"line":8},"1":{"name":"(anonymous_1)","decl":{"start":{"line":14,"column":2},"end":{"line":14,"column":3}},"loc":{"start":{"line":14,"column":43},"end":{"line":19,"column":3}},"line":14},"2":{"name":"(anonymous_2)","decl":{"start":{"line":21,"column":2},"end":{"line":21,"column":3}},"loc":{"start":{"line":21,"column":40},"end":{"line":25,"column":3}},"line":21},"3":{"name":"(anonymous_3)","decl":{"start":{"line":27,"column":2},"end":{"line":27,"column":3}},"loc":{"start":{"line":27,"column":60},"end":{"line":32,"column":3}},"line":27},"4":{"name":"(anonymous_4)","decl":{"start":{"line":34,"column":2},"end":{"line":34,"column":3}},"loc":{"start":{"line":34,"column":21},"end":{"line":36,"column":3}},"line":34}},"branchMap":{},"s":{"0":1,"1":1,"2":1,"3":1,"4":1,"5":2,"6":2,"7":2,"8":6,"9":6,"10":6,"11":4,"12":4,"13":4,"14":14,"15":14,"16":14,"17":14,"18":4,"19":1},"f":{"0":2,"1":6,"2":4,"3":14,"4":4},"b":{},"_coverageSchema":"332fd63041d2c1bcb487cc26dd0d5f7d97098a6c","hash":"1002809534e52b4d6482cd2ef6ae865c54c78a4e","contentHash":"76e5f2738a0f8db47e9fc2c52a85651c_10.3.2"},"/home/aneopsy/AneoChain/src/blockchain/transactionAssertionError.js":{"path":"/home/aneopsy/AneoChain/src/blockchain/transactionAssertionError.js","statementMap":{"0":{"start":{"line":1,"column":22},"end":{"line":1,"column":54}},"1":{"start":{"line":5,"column":0},"end":{"line":5,"column":43}}},"fnMap":{},"branchMap":{},"s":{"0":1,"1":1},"f":{},"b":{},"_coverageSchema":"332fd63041d2c1bcb487cc26dd0d5f7d97098a6c","hash":"43fcb085c74e647fdc398931f5768d7de99ffb3b","contentHash":"23ca0d7b35f5381cfcefc3912cf2bc52_10.3.2"},"/home/aneopsy/AneoChain/src/util/extendedError.js":{"path":"/home/aneopsy/AneoChain/src/util/extendedError.js","statementMap":{"0":{"start":{"line":1,"column":24},"end":{"line":1,"column":44}},"1":{"start":{"line":5,"column":4},"end":{"line":5,"column":19}},"2":{"start":{"line":6,"column":4},"end":{"line":6,"column":40}},"3":{"start":{"line":6,"column":17},"end":{"line":6,"column":40}},"4":{"start":{"line":7,"column":4},"end":{"line":7,"column":43}},"5":{"start":{"line":7,"column":18},"end":{"line":7,"column":43}},"6":{"start":{"line":17,"column":8},"end":{"line":17,"column":12}},"7":{"start":{"line":18,"column":4},"end":{"line":24,"column":13}},"8":{"start":{"line":28,"column":0},"end":{"line":28,"column":31}}},"fnMap":{"0":{"name":"(anonymous_0)","decl":{"start":{"line":4,"column":2},"end":{"line":4,"column":3}},"loc":{"start":{"line":4,"column":42},"end":{"line":8,"column":3}},"line":4},"1":{"name":"(anonymous_1)","decl":{"start":{"line":10,"column":2},"end":{"line":10,"column":3}},"loc":{"start":{"line":10,"column":11},"end":{"line":25,"column":3}},"line":10}},"branchMap":{"0":{"loc":{"start":{"line":6,"column":4},"end":{"line":6,"column":40}},"type":"if","locations":[{"start":{"line":6,"column":4},"end":{"line":6,"column":40}},{"start":{"line":6,"column":4},"end":{"line":6,"column":40}}],"line":6},"1":{"loc":{"start":{"line":7,"column":4},"end":{"line":7,"column":43}},"type":"if","locations":[{"start":{"line":7,"column":4},"end":{"line":7,"column":43}},{"start":{"line":7,"column":4},"end":{"line":7,"column":43}}],"line":7}},"s":{"0":1,"1":2,"2":2,"3":0,"4":2,"5":0,"6":0,"7":0,"8":1},"f":{"0":2,"1":0},"b":{"0":[0,2],"1":[0,2]},"_coverageSchema":"332fd63041d2c1bcb487cc26dd0d5f7d97098a6c","hash":"c228e024489881361e9555fb48704630d579a39c","contentHash":"c14b5badfa3df923771385858ad715d5_10.3.2"},"/home/aneopsy/AneoChain/src/blockchain/transactions.js":{"path":"/home/aneopsy/AneoChain/src/blockchain/transactions.js","statementMap":{"0":{"start":{"line":1,"column":20},"end":{"line":1,"column":44}},"1":{"start":{"line":2,"column":10},"end":{"line":2,"column":26}},"2":{"start":{"line":6,"column":23},"end":{"line":6,"column":41}},"3":{"start":{"line":7,"column":4},"end":{"line":9,"column":13}},"4":{"start":{"line":8,"column":6},"end":{"line":8,"column":59}},"5":{"start":{"line":10,"column":4},"end":{"line":10,"column":24}},"6":{"start":{"line":14,"column":0},"end":{"line":14,"column":30}}},"fnMap":{"0":{"name":"(anonymous_0)","decl":{"start":{"line":5,"column":2},"end":{"line":5,"column":3}},"loc":{"start":{"line":5,"column":24},"end":{"line":11,"column":3}},"line":5},"1":{"name":"(anonymous_1)","decl":{"start":{"line":7,"column":14},"end":{"line":7,"column":15}},"loc":{"start":{"line":7,"column":31},"end":{"line":9,"column":5}},"line":7}},"branchMap":{},"s":{"0":1,"1":1,"2":15,"3":15,"4":23,"5":15,"6":1},"f":{"0":15,"1":23},"b":{},"_coverageSchema":"332fd63041d2c1bcb487cc26dd0d5f7d97098a6c","hash":"4da296186ccd40763fc56b58f9890631c43cdf42","contentHash":"53d2a3811fb12a31f523c639960aa0f9_10.3.2"},"/home/aneopsy/AneoChain/src/blockchain/blockAssertionError.js":{"path":"/home/aneopsy/AneoChain/src/blockchain/blockAssertionError.js","statementMap":{"0":{"start":{"line":1,"column":22},"end":{"line":1,"column":54}},"1":{"start":{"line":5,"column":0},"end":{"line":5,"column":37}}},"fnMap":{},"branchMap":{},"s":{"0":1,"1":1},"f":{},"b":{},"_coverageSchema":"332fd63041d2c1bcb487cc26dd0d5f7d97098a6c","hash":"cc55d5edf1f20611a2a6df5bb5747f6453c22f49","contentHash":"68af4f032f945a40b72234ee2cd0e54d_10.3.2"},"/home/aneopsy/AneoChain/src/httpServer/httpError.js":{"path":"/home/aneopsy/AneoChain/src/httpServer/httpError.js","statementMap":{"0":{"start":{"line":1,"column":22},"end":{"line":1,"column":54}},"1":{"start":{"line":2,"column":17},"end":{"line":2,"column":36}},"2":{"start":{"line":6,"column":8},"end":{"line":6,"column":66}},"3":{"start":{"line":6,"column":22},"end":{"line":6,"column":66}},"4":{"start":{"line":7,"column":8},"end":{"line":7,"column":42}},"5":{"start":{"line":8,"column":8},"end":{"line":8,"column":41}},"6":{"start":{"line":8,"column":20},"end":{"line":8,"column":41}},"7":{"start":{"line":12,"column":27},"end":{"line":12,"column":31}},"8":{"start":{"line":13,"column":8},"end":{"line":13,"column":47}},"9":{"start":{"line":17,"column":0},"end":{"line":17,"column":27}}},"fnMap":{"0":{"name":"(anonymous_0)","decl":{"start":{"line":5,"column":4},"end":{"line":5,"column":5}},"loc":{"start":{"line":5,"column":52},"end":{"line":9,"column":5}},"line":5},"1":{"name":"(anonymous_1)","decl":{"start":{"line":11,"column":4},"end":{"line":11,"column":5}},"loc":{"start":{"line":11,"column":13},"end":{"line":14,"column":5}},"line":11}},"branchMap":{"0":{"loc":{"start":{"line":6,"column":8},"end":{"line":6,"column":66}},"type":"if","locations":[{"start":{"line":6,"column":8},"end":{"line":6,"column":66}},{"start":{"line":6,"column":8},"end":{"line":6,"column":66}}],"line":6},"1":{"loc":{"start":{"line":8,"column":8},"end":{"line":8,"column":41}},"type":"if","locations":[{"start":{"line":8,"column":8},"end":{"line":8,"column":41}},{"start":{"line":8,"column":8},"end":{"line":8,"column":41}}],"line":8}},"s":{"0":1,"1":1,"2":2,"3":0,"4":2,"5":2,"6":2,"7":0,"8":0,"9":1},"f":{"0":2,"1":0},"b":{"0":[0,2],"1":[2,0]},"_coverageSchema":"332fd63041d2c1bcb487cc26dd0d5f7d97098a6c","hash":"b02ccaf906b7b156dbbc8cb9721ad5699d235a29","contentHash":"0ad8a457f70f234c9db459af81e2dc0d_10.3.2"},"/home/aneopsy/AneoChain/src/util/argumentError.js":{"path":"/home/aneopsy/AneoChain/src/util/argumentError.js","statementMap":{"0":{"start":{"line":1,"column":22},"end":{"line":1,"column":48}},"1":{"start":{"line":5,"column":0},"end":{"line":5,"column":31}}},"fnMap":{},"branchMap":{},"s":{"0":1,"1":1},"f":{},"b":{},"_coverageSchema":"332fd63041d2c1bcb487cc26dd0d5f7d97098a6c","hash":"4f87b99e45d42b52363f9d19b36caf7a16bd6891","contentHash":"88e75248b8926c6d43f8baa36048b59e_10.3.2"},"/home/aneopsy/AneoChain/src/blockchain/index.js":{"path":"/home/aneopsy/AneoChain/src/blockchain/index.js","statementMap":{"0":{"start":{"line":1,"column":21},"end":{"line":1,"column":38}},"1":{"start":{"line":2,"column":10},"end":{"line":2,"column":26}},"2":{"start":{"line":3,"column":11},"end":{"line":3,"column":32}},"3":{"start":{"line":4,"column":15},"end":{"line":4,"column":34}},"4":{"start":{"line":5,"column":14},"end":{"line":5,"column":32}},"5":{"start":{"line":6,"column":21},"end":{"line":6,"column":46}},"6":{"start":{"line":7,"column":34},"end":{"line":7,"column":72}},"7":{"start":{"line":8,"column":28},"end":{"line":8,"column":60}},"8":{"start":{"line":9,"column":33},"end":{"line":9,"column":70}},"9":{"start":{"line":11,"column":24},"end":{"line":11,"column":37}},"10":{"start":{"line":12,"column":26},"end":{"line":12,"column":45}},"11":{"start":{"line":14,"column":24},"end":{"line":14,"column":47}},"12":{"start":{"line":15,"column":23},"end":{"line":15,"column":24}},"13":{"start":{"line":16,"column":18},"end":{"line":16,"column":19}},"14":{"start":{"line":18,"column":22},"end":{"line":18,"column":32}},"15":{"start":{"line":22,"column":4},"end":{"line":22,"column":83}},"16":{"start":{"line":23,"column":4},"end":{"line":23,"column":97}},"17":{"start":{"line":25,"column":4},"end":{"line":25,"column":45}},"18":{"start":{"line":26,"column":4},"end":{"line":26,"column":63}},"19":{"start":{"line":28,"column":4},"end":{"line":28,"column":38}},"20":{"start":{"line":29,"column":4},"end":{"line":29,"column":16}},"21":{"start":{"line":33,"column":4},"end":{"line":37,"column":5}},"22":{"start":{"line":34,"column":6},"end":{"line":34,"column":61}},"23":{"start":{"line":35,"column":6},"end":{"line":35,"column":38}},"24":{"start":{"line":36,"column":6},"end":{"line":36,"column":39}},"25":{"start":{"line":39,"column":4},"end":{"line":39,"column":69}},"26":{"start":{"line":40,"column":4},"end":{"line":40,"column":84}},"27":{"start":{"line":44,"column":4},"end":{"line":44,"column":23}},"28":{"start":{"line":48,"column":4},"end":{"line":48,"column":57}},"29":{"start":{"line":52,"column":4},"end":{"line":52,"column":55}},"30":{"start":{"line":56,"column":4},"end":{"line":56,"column":31}},"31":{"start":{"line":60,"column":4},"end":{"line":64,"column":12}},"32":{"start":{"line":68,"column":4},"end":{"line":68,"column":29}},"33":{"start":{"line":72,"column":4},"end":{"line":72,"column":57}},"34":{"start":{"line":76,"column":4},"end":{"line":76,"column":105}},"35":{"start":{"line":80,"column":4},"end":{"line":83,"column":5}},"36":{"start":{"line":81,"column":6},"end":{"line":81,"column":70}},"37":{"start":{"line":82,"column":6},"end":{"line":82,"column":91}},"38":{"start":{"line":85,"column":4},"end":{"line":85,"column":35}},"39":{"start":{"line":87,"column":4},"end":{"line":87,"column":104}},"40":{"start":{"line":88,"column":20},"end":{"line":88,"column":88}},"41":{"start":{"line":90,"column":4},"end":{"line":92,"column":18}},"42":{"start":{"line":91,"column":6},"end":{"line":91,"column":34}},"43":{"start":{"line":94,"column":4},"end":{"line":94,"column":55}},"44":{"start":{"line":98,"column":4},"end":{"line":101,"column":5}},"45":{"start":{"line":99,"column":6},"end":{"line":99,"column":55}},"46":{"start":{"line":100,"column":6},"end":{"line":100,"column":76}},"47":{"start":{"line":103,"column":4},"end":{"line":110,"column":5}},"48":{"start":{"line":104,"column":6},"end":{"line":106,"column":7}},"49":{"start":{"line":105,"column":8},"end":{"line":105,"column":78}},"50":{"start":{"line":108,"column":6},"end":{"line":108,"column":46}},"51":{"start":{"line":109,"column":6},"end":{"line":109,"column":77}},"52":{"start":{"line":111,"column":4},"end":{"line":111,"column":16}},"53":{"start":{"line":115,"column":4},"end":{"line":126,"column":5}},"54":{"start":{"line":116,"column":6},"end":{"line":116,"column":33}},"55":{"start":{"line":117,"column":6},"end":{"line":117,"column":39}},"56":{"start":{"line":119,"column":6},"end":{"line":119,"column":61}},"57":{"start":{"line":121,"column":6},"end":{"line":121,"column":52}},"58":{"start":{"line":122,"column":6},"end":{"line":122,"column":62}},"59":{"start":{"line":123,"column":6},"end":{"line":123,"column":58}},"60":{"start":{"line":123,"column":16},"end":{"line":123,"column":58}},"61":{"start":{"line":125,"column":6},"end":{"line":125,"column":22}},"62":{"start":{"line":130,"column":4},"end":{"line":139,"column":5}},"63":{"start":{"line":131,"column":6},"end":{"line":131,"column":45}},"64":{"start":{"line":132,"column":6},"end":{"line":132,"column":51}},"65":{"start":{"line":134,"column":6},"end":{"line":134,"column":62}},"66":{"start":{"line":135,"column":6},"end":{"line":135,"column":74}},"67":{"start":{"line":136,"column":6},"end":{"line":136,"column":70}},"68":{"start":{"line":136,"column":16},"end":{"line":136,"column":70}},"69":{"start":{"line":138,"column":6},"end":{"line":138,"column":28}},"70":{"start":{"line":143,"column":4},"end":{"line":145,"column":26}},"71":{"start":{"line":144,"column":6},"end":{"line":144,"column":75}},"72":{"start":{"line":146,"column":4},"end":{"line":146,"column":49}},"73":{"start":{"line":150,"column":22},"end":{"line":150,"column":39}},"74":{"start":{"line":152,"column":4},"end":{"line":164,"column":5}},"75":{"start":{"line":153,"column":6},"end":{"line":153,"column":100}},"76":{"start":{"line":154,"column":6},"end":{"line":154,"column":116}},"77":{"start":{"line":155,"column":11},"end":{"line":164,"column":5}},"78":{"start":{"line":156,"column":6},"end":{"line":156,"column":109}},"79":{"start":{"line":157,"column":6},"end":{"line":157,"column":125}},"80":{"start":{"line":158,"column":11},"end":{"line":164,"column":5}},"81":{"start":{"line":159,"column":6},"end":{"line":159,"column":84}},"82":{"start":{"line":160,"column":6},"end":{"line":160,"column":100}},"83":{"start":{"line":161,"column":11},"end":{"line":164,"column":5}},"84":{"start":{"line":162,"column":6},"end":{"line":162,"column":155}},"85":{"start":{"line":163,"column":6},"end":{"line":163,"column":154}},"86":{"start":{"line":166,"column":4},"end":{"line":166,"column":71}},"87":{"start":{"line":168,"column":28},"end":{"line":168,"column":160}},"88":{"start":{"line":169,"column":29},"end":{"line":169,"column":146}},"89":{"start":{"line":171,"column":56},"end":{"line":171,"column":100}},"90":{"start":{"line":173,"column":4},"end":{"line":179,"column":5}},"91":{"start":{"line":174,"column":6},"end":{"line":174,"column":117}},"92":{"start":{"line":175,"column":6},"end":{"line":178,"column":9}},"93":{"start":{"line":181,"column":29},"end":{"line":181,"column":77}},"94":{"start":{"line":182,"column":4},"end":{"line":185,"column":5}},"95":{"start":{"line":183,"column":6},"end":{"line":183,"column":99}},"96":{"start":{"line":184,"column":6},"end":{"line":184,"column":115}},"97":{"start":{"line":187,"column":4},"end":{"line":190,"column":5}},"98":{"start":{"line":188,"column":6},"end":{"line":188,"column":105}},"99":{"start":{"line":189,"column":6},"end":{"line":189,"column":121}},"100":{"start":{"line":192,"column":4},"end":{"line":192,"column":16}},"101":{"start":{"line":196,"column":4},"end":{"line":196,"column":35}},"102":{"start":{"line":198,"column":28},"end":{"line":200,"column":19}},"103":{"start":{"line":199,"column":6},"end":{"line":199,"column":72}},"104":{"start":{"line":202,"column":4},"end":{"line":205,"column":5}},"105":{"start":{"line":203,"column":6},"end":{"line":203,"column":84}},"106":{"start":{"line":204,"column":6},"end":{"line":204,"column":119}},"107":{"start":{"line":207,"column":37},"end":{"line":219,"column":33}},"108":{"start":{"line":208,"column":6},"end":{"line":218,"column":24}},"109":{"start":{"line":221,"column":4},"end":{"line":224,"column":5}},"110":{"start":{"line":222,"column":6},"end":{"line":222,"column":86}},"111":{"start":{"line":223,"column":6},"end":{"line":223,"column":133}},"112":{"start":{"line":226,"column":4},"end":{"line":226,"column":16}},"113":{"start":{"line":230,"column":20},"end":{"line":230,"column":22}},"114":{"start":{"line":231,"column":4},"end":{"line":242,"column":22}},"115":{"start":{"line":232,"column":6},"end":{"line":241,"column":35}},"116":{"start":{"line":233,"column":8},"end":{"line":233,"column":59}},"117":{"start":{"line":233,"column":52},"end":{"line":233,"column":59}},"118":{"start":{"line":235,"column":8},"end":{"line":240,"column":11}},"119":{"start":{"line":244,"column":19},"end":{"line":244,"column":21}},"120":{"start":{"line":245,"column":4},"end":{"line":256,"column":21}},"121":{"start":{"line":247,"column":8},"end":{"line":247,"column":58}},"122":{"start":{"line":247,"column":51},"end":{"line":247,"column":58}},"123":{"start":{"line":249,"column":8},"end":{"line":254,"column":11}},"124":{"start":{"line":258,"column":35},"end":{"line":258,"column":37}},"125":{"start":{"line":259,"column":4},"end":{"line":263,"column":18}},"126":{"start":{"line":260,"column":6},"end":{"line":262,"column":7}},"127":{"start":{"line":260,"column":30},"end":{"line":260,"column":108}},"128":{"start":{"line":261,"column":8},"end":{"line":261,"column":48}},"129":{"start":{"line":265,"column":4},"end":{"line":265,"column":36}},"130":{"start":{"line":269,"column":0},"end":{"line":269,"column":28}}},"fnMap":{"0":{"name":"(anonymous_0)","decl":{"start":{"line":21,"column":2},"end":{"line":21,"column":3}},"loc":{"start":{"line":21,"column":22},"end":{"line":30,"column":3}},"line":21},"1":{"name":"(anonymous_1)","decl":{"start":{"line":32,"column":2},"end":{"line":32,"column":3}},"loc":{"start":{"line":32,"column":9},"end":{"line":41,"column":3}},"line":32},"2":{"name":"(anonymous_2)","decl":{"start":{"line":43,"column":2},"end":{"line":43,"column":3}},"loc":{"start":{"line":43,"column":17},"end":{"line":45,"column":3}},"line":43},"3":{"name":"(anonymous_3)","decl":{"start":{"line":47,"column":2},"end":{"line":47,"column":3}},"loc":{"start":{"line":47,"column":25},"end":{"line":49,"column":3}},"line":47},"4":{"name":"(anonymous_4)","decl":{"start":{"line":51,"column":2},"end":{"line":51,"column":3}},"loc":{"start":{"line":51,"column":23},"end":{"line":53,"column":3}},"line":51},"5":{"name":"(anonymous_5)","decl":{"start":{"line":55,"column":2},"end":{"line":55,"column":3}},"loc":{"start":{"line":55,"column":17},"end":{"line":57,"column":3}},"line":55},"6":{"name":"(anonymous_6)","decl":{"start":{"line":59,"column":2},"end":{"line":59,"column":3}},"loc":{"start":{"line":59,"column":23},"end":{"line":65,"column":3}},"line":59},"7":{"name":"(anonymous_7)","decl":{"start":{"line":67,"column":2},"end":{"line":67,"column":3}},"loc":{"start":{"line":67,"column":23},"end":{"line":69,"column":3}},"line":67},"8":{"name":"(anonymous_8)","decl":{"start":{"line":71,"column":2},"end":{"line":71,"column":3}},"loc":{"start":{"line":71,"column":25},"end":{"line":73,"column":3}},"line":71},"9":{"name":"(anonymous_9)","decl":{"start":{"line":75,"column":2},"end":{"line":75,"column":3}},"loc":{"start":{"line":75,"column":42},"end":{"line":77,"column":3}},"line":75},"10":{"name":"(anonymous_10)","decl":{"start":{"line":79,"column":2},"end":{"line":79,"column":3}},"loc":{"start":{"line":79,"column":30},"end":{"line":95,"column":3}},"line":79},"11":{"name":"(anonymous_11)","decl":{"start":{"line":90,"column":14},"end":{"line":90,"column":15}},"loc":{"start":{"line":90,"column":25},"end":{"line":92,"column":5}},"line":90},"12":{"name":"(anonymous_12)","decl":{"start":{"line":97,"column":2},"end":{"line":97,"column":3}},"loc":{"start":{"line":97,"column":35},"end":{"line":112,"column":3}},"line":97},"13":{"name":"(anonymous_13)","decl":{"start":{"line":114,"column":2},"end":{"line":114,"column":3}},"loc":{"start":{"line":114,"column":34},"end":{"line":127,"column":3}},"line":114},"14":{"name":"(anonymous_14)","decl":{"start":{"line":129,"column":2},"end":{"line":129,"column":3}},"loc":{"start":{"line":129,"column":46},"end":{"line":140,"column":3}},"line":129},"15":{"name":"(anonymous_15)","decl":{"start":{"line":142,"column":2},"end":{"line":142,"column":3}},"loc":{"start":{"line":142,"column":52},"end":{"line":147,"column":3}},"line":142},"16":{"name":"(anonymous_16)","decl":{"start":{"line":143,"column":33},"end":{"line":143,"column":34}},"loc":{"start":{"line":143,"column":50},"end":{"line":145,"column":5}},"line":143},"17":{"name":"(anonymous_17)","decl":{"start":{"line":149,"column":2},"end":{"line":149,"column":3}},"loc":{"start":{"line":149,"column":38},"end":{"line":193,"column":3}},"line":149},"18":{"name":"(anonymous_18)","decl":{"start":{"line":195,"column":2},"end":{"line":195,"column":3}},"loc":{"start":{"line":195,"column":32},"end":{"line":227,"column":3}},"line":195},"19":{"name":"(anonymous_19)","decl":{"start":{"line":198,"column":34},"end":{"line":198,"column":35}},"loc":{"start":{"line":198,"column":45},"end":{"line":200,"column":5}},"line":198},"20":{"name":"(anonymous_20)","decl":{"start":{"line":207,"column":76},"end":{"line":207,"column":77}},"loc":{"start":{"line":207,"column":89},"end":{"line":219,"column":5}},"line":207},"21":{"name":"(anonymous_21)","decl":{"start":{"line":229,"column":2},"end":{"line":229,"column":3}},"loc":{"start":{"line":229,"column":44},"end":{"line":266,"column":3}},"line":229},"22":{"name":"(anonymous_22)","decl":{"start":{"line":231,"column":55},"end":{"line":231,"column":56}},"loc":{"start":{"line":231,"column":72},"end":{"line":242,"column":5}},"line":231},"23":{"name":"(anonymous_23)","decl":{"start":{"line":232,"column":26},"end":{"line":232,"column":27}},"loc":{"start":{"line":232,"column":47},"end":{"line":241,"column":7}},"line":232},"24":{"name":"(anonymous_24)","decl":{"start":{"line":246,"column":51},"end":{"line":246,"column":52}},"loc":{"start":{"line":246,"column":64},"end":{"line":255,"column":7}},"line":246},"25":{"name":"(anonymous_25)","decl":{"start":{"line":259,"column":14},"end":{"line":259,"column":15}},"loc":{"start":{"line":259,"column":28},"end":{"line":263,"column":5}},"line":259},"26":{"name":"(anonymous_26)","decl":{"start":{"line":260,"column":17},"end":{"line":260,"column":18}},"loc":{"start":{"line":260,"column":30},"end":{"line":260,"column":108}},"line":260}},"branchMap":{"0":{"loc":{"start":{"line":33,"column":4},"end":{"line":37,"column":5}},"type":"if","locations":[{"start":{"line":33,"column":4},"end":{"line":37,"column":5}},{"start":{"line":33,"column":4},"end":{"line":37,"column":5}}],"line":33},"1":{"loc":{"start":{"line":63,"column":23},"end":{"line":63,"column":50}},"type":"binary-expr","locations":[{"start":{"line":63,"column":23},"end":{"line":63,"column":28}},{"start":{"line":63,"column":32},"end":{"line":63,"column":50}}],"line":63},"2":{"loc":{"start":{"line":80,"column":4},"end":{"line":83,"column":5}},"type":"if","locations":[{"start":{"line":80,"column":4},"end":{"line":83,"column":5}},{"start":{"line":80,"column":4},"end":{"line":83,"column":5}}],"line":80},"3":{"loc":{"start":{"line":98,"column":4},"end":{"line":101,"column":5}},"type":"if","locations":[{"start":{"line":98,"column":4},"end":{"line":101,"column":5}},{"start":{"line":98,"column":4},"end":{"line":101,"column":5}}],"line":98},"4":{"loc":{"start":{"line":114,"column":21},"end":{"line":114,"column":32}},"type":"default-arg","locations":[{"start":{"line":114,"column":28},"end":{"line":114,"column":32}}],"line":114},"5":{"loc":{"start":{"line":115,"column":4},"end":{"line":126,"column":5}},"type":"if","locations":[{"start":{"line":115,"column":4},"end":{"line":126,"column":5}},{"start":{"line":115,"column":4},"end":{"line":126,"column":5}}],"line":115},"6":{"loc":{"start":{"line":123,"column":6},"end":{"line":123,"column":58}},"type":"if","locations":[{"start":{"line":123,"column":6},"end":{"line":123,"column":58}},{"start":{"line":123,"column":6},"end":{"line":123,"column":58}}],"line":123},"7":{"loc":{"start":{"line":129,"column":33},"end":{"line":129,"column":44}},"type":"default-arg","locations":[{"start":{"line":129,"column":40},"end":{"line":129,"column":44}}],"line":129},"8":{"loc":{"start":{"line":130,"column":4},"end":{"line":139,"column":5}},"type":"if","locations":[{"start":{"line":130,"column":4},"end":{"line":139,"column":5}},{"start":{"line":130,"column":4},"end":{"line":139,"column":5}}],"line":130},"9":{"loc":{"start":{"line":136,"column":6},"end":{"line":136,"column":70}},"type":"if","locations":[{"start":{"line":136,"column":6},"end":{"line":136,"column":70}},{"start":{"line":136,"column":6},"end":{"line":136,"column":70}}],"line":136},"10":{"loc":{"start":{"line":152,"column":4},"end":{"line":164,"column":5}},"type":"if","locations":[{"start":{"line":152,"column":4},"end":{"line":164,"column":5}},{"start":{"line":152,"column":4},"end":{"line":164,"column":5}}],"line":152},"11":{"loc":{"start":{"line":155,"column":11},"end":{"line":164,"column":5}},"type":"if","locations":[{"start":{"line":155,"column":11},"end":{"line":164,"column":5}},{"start":{"line":155,"column":11},"end":{"line":164,"column":5}}],"line":155},"12":{"loc":{"start":{"line":158,"column":11},"end":{"line":164,"column":5}},"type":"if","locations":[{"start":{"line":158,"column":11},"end":{"line":164,"column":5}},{"start":{"line":158,"column":11},"end":{"line":164,"column":5}}],"line":158},"13":{"loc":{"start":{"line":161,"column":11},"end":{"line":164,"column":5}},"type":"if","locations":[{"start":{"line":161,"column":11},"end":{"line":164,"column":5}},{"start":{"line":161,"column":11},"end":{"line":164,"column":5}}],"line":161},"14":{"loc":{"start":{"line":173,"column":4},"end":{"line":179,"column":5}},"type":"if","locations":[{"start":{"line":173,"column":4},"end":{"line":179,"column":5}},{"start":{"line":173,"column":4},"end":{"line":179,"column":5}}],"line":173},"15":{"loc":{"start":{"line":182,"column":4},"end":{"line":185,"column":5}},"type":"if","locations":[{"start":{"line":182,"column":4},"end":{"line":185,"column":5}},{"start":{"line":182,"column":4},"end":{"line":185,"column":5}}],"line":182},"16":{"loc":{"start":{"line":182,"column":8},"end":{"line":182,"column":60}},"type":"binary-expr","locations":[{"start":{"line":182,"column":8},"end":{"line":182,"column":30}},{"start":{"line":182,"column":34},"end":{"line":182,"column":60}}],"line":182},"17":{"loc":{"start":{"line":187,"column":4},"end":{"line":190,"column":5}},"type":"if","locations":[{"start":{"line":187,"column":4},"end":{"line":190,"column":5}},{"start":{"line":187,"column":4},"end":{"line":190,"column":5}}],"line":187},"18":{"loc":{"start":{"line":187,"column":8},"end":{"line":187,"column":66}},"type":"binary-expr","locations":[{"start":{"line":187,"column":8},"end":{"line":187,"column":33}},{"start":{"line":187,"column":37},"end":{"line":187,"column":66}}],"line":187},"19":{"loc":{"start":{"line":202,"column":4},"end":{"line":205,"column":5}},"type":"if","locations":[{"start":{"line":202,"column":4},"end":{"line":205,"column":5}},{"start":{"line":202,"column":4},"end":{"line":205,"column":5}}],"line":202},"20":{"loc":{"start":{"line":221,"column":4},"end":{"line":224,"column":5}},"type":"if","locations":[{"start":{"line":221,"column":4},"end":{"line":224,"column":5}},{"start":{"line":221,"column":4},"end":{"line":224,"column":5}}],"line":221},"21":{"loc":{"start":{"line":233,"column":8},"end":{"line":233,"column":59}},"type":"if","locations":[{"start":{"line":233,"column":8},"end":{"line":233,"column":59}},{"start":{"line":233,"column":8},"end":{"line":233,"column":59}}],"line":233},"22":{"loc":{"start":{"line":233,"column":12},"end":{"line":233,"column":50}},"type":"binary-expr","locations":[{"start":{"line":233,"column":12},"end":{"line":233,"column":19}},{"start":{"line":233,"column":23},"end":{"line":233,"column":50}}],"line":233},"23":{"loc":{"start":{"line":247,"column":8},"end":{"line":247,"column":58}},"type":"if","locations":[{"start":{"line":247,"column":8},"end":{"line":247,"column":58}},{"start":{"line":247,"column":8},"end":{"line":247,"column":58}}],"line":247},"24":{"loc":{"start":{"line":247,"column":12},"end":{"line":247,"column":49}},"type":"binary-expr","locations":[{"start":{"line":247,"column":12},"end":{"line":247,"column":19}},{"start":{"line":247,"column":23},"end":{"line":247,"column":49}}],"line":247},"25":{"loc":{"start":{"line":260,"column":6},"end":{"line":262,"column":7}},"type":"if","locations":[{"start":{"line":260,"column":6},"end":{"line":262,"column":7}},{"start":{"line":260,"column":6},"end":{"line":262,"column":7}}],"line":260},"26":{"loc":{"start":{"line":260,"column":30},"end":{"line":260,"column":108}},"type":"binary-expr","locations":[{"start":{"line":260,"column":30},"end":{"line":260,"column":73}},{"start":{"line":260,"column":77},"end":{"line":260,"column":108}}],"line":260}},"s":{"0":1,"1":1,"2":1,"3":1,"4":1,"5":1,"6":1,"7":1,"8":1,"9":1,"10":1,"11":1,"12":1,"13":1,"14":1,"15":2,"16":2,"17":2,"18":2,"19":2,"20":2,"21":2,"22":2,"23":2,"24":2,"25":2,"26":2,"27":2,"28":0,"29":0,"30":12,"31":8,"32":3,"33":2,"34":5,"35":1,"36":0,"37":0,"38":1,"39":1,"40":1,"41":1,"42":2,"43":1,"44":1,"45":0,"46":0,"47":1,"48":1,"49":2,"50":0,"51":0,"52":1,"53":4,"54":4,"55":4,"56":4,"57":4,"58":4,"59":4,"60":2,"61":4,"62":3,"63":3,"64":3,"65":3,"66":3,"67":3,"68":3,"69":3,"70":6,"71":1,"72":6,"73":6,"74":6,"75":0,"76":0,"77":6,"78":0,"79":0,"80":6,"81":0,"82":0,"83":6,"84":0,"85":0,"86":6,"87":6,"88":6,"89":6,"90":6,"91":0,"92":0,"93":6,"94":6,"95":0,"96":0,"97":6,"98":0,"99":0,"100":6,"101":15,"102":15,"103":26,"104":15,"105":0,"106":0,"107":15,"108":10,"109":15,"110":0,"111":0,"112":15,"113":5,"114":5,"115":22,"116":21,"117":7,"118":14,"119":5,"120":5,"121":4,"122":1,"123":3,"124":5,"125":5,"126":14,"127":12,"128":11,"129":5,"130":1},"f":{"0":2,"1":2,"2":2,"3":0,"4":0,"5":12,"6":8,"7":3,"8":2,"9":5,"10":1,"11":2,"12":1,"13":4,"14":3,"15":6,"16":1,"17":6,"18":15,"19":26,"20":10,"21":5,"22":22,"23":21,"24":4,"25":14,"26":12},"b":{"0":[2,0],"1":[8,2],"2":[0,1],"3":[0,1],"4":[2],"5":[4,0],"6":[2,2],"7":[3],"8":[3,0],"9":[3,0],"10":[0,6],"11":[0,6],"12":[0,6],"13":[0,6],"14":[0,6],"15":[0,6],"16":[6,3],"17":[0,6],"18":[6,6],"19":[0,15],"20":[0,15],"21":[7,14],"22":[21,21],"23":[1,3],"24":[4,4],"25":[11,3],"26":[12,3]},"_coverageSchema":"332fd63041d2c1bcb487cc26dd0d5f7d97098a6c","hash":"6199cc6570f8c66781307c848e313753676b7751","contentHash":"7ed1782dfe4cadd8aac1b8b113c2ea7c_10.3.2"},"/home/aneopsy/AneoChain/src/util/db.js":{"path":"/home/aneopsy/AneoChain/src/util/db.js","statementMap":{"0":{"start":{"line":1,"column":11},"end":{"line":1,"column":30}},"1":{"start":{"line":2,"column":13},"end":{"line":2,"column":28}},"2":{"start":{"line":6,"column":4},"end":{"line":6,"column":29}},"3":{"start":{"line":7,"column":4},"end":{"line":7,"column":35}},"4":{"start":{"line":11,"column":4},"end":{"line":11,"column":63}},"5":{"start":{"line":11,"column":39},"end":{"line":11,"column":63}},"6":{"start":{"line":13,"column":22},"end":{"line":13,"column":52}},"7":{"start":{"line":14,"column":4},"end":{"line":14,"column":57}},"8":{"start":{"line":14,"column":33},"end":{"line":14,"column":57}},"9":{"start":{"line":16,"column":4},"end":{"line":16,"column":95}},"10":{"start":{"line":20,"column":4},"end":{"line":20,"column":50}},"11":{"start":{"line":21,"column":4},"end":{"line":21,"column":58}},"12":{"start":{"line":25,"column":0},"end":{"line":25,"column":20}}},"fnMap":{"0":{"name":"(anonymous_0)","decl":{"start":{"line":5,"column":2},"end":{"line":5,"column":3}},"loc":{"start":{"line":5,"column":37},"end":{"line":8,"column":3}},"line":5},"1":{"name":"(anonymous_1)","decl":{"start":{"line":10,"column":2},"end":{"line":10,"column":3}},"loc":{"start":{"line":10,"column":18},"end":{"line":17,"column":3}},"line":10},"2":{"name":"(anonymous_2)","decl":{"start":{"line":19,"column":2},"end":{"line":19,"column":3}},"loc":{"start":{"line":19,"column":14},"end":{"line":22,"column":3}},"line":19}},"branchMap":{"0":{"loc":{"start":{"line":11,"column":4},"end":{"line":11,"column":63}},"type":"if","locations":[{"start":{"line":11,"column":4},"end":{"line":11,"column":63}},{"start":{"line":11,"column":4},"end":{"line":11,"column":63}}],"line":11},"1":{"loc":{"start":{"line":14,"column":4},"end":{"line":14,"column":57}},"type":"if","locations":[{"start":{"line":14,"column":4},"end":{"line":14,"column":57}},{"start":{"line":14,"column":4},"end":{"line":14,"column":57}}],"line":14},"2":{"loc":{"start":{"line":16,"column":11},"end":{"line":16,"column":94}},"type":"cond-expr","locations":[{"start":{"line":16,"column":25},"end":{"line":16,"column":68}},{"start":{"line":16,"column":71},"end":{"line":16,"column":94}}],"line":16}},"s":{"0":1,"1":1,"2":6,"3":6,"4":6,"5":6,"6":0,"7":0,"8":0,"9":0,"10":18,"11":18,"12":1},"f":{"0":6,"1":6,"2":18},"b":{"0":[6,0],"1":[0,0],"2":[0,0]},"_coverageSchema":"332fd63041d2c1bcb487cc26dd0d5f7d97098a6c","hash":"2d792f288ac77bdf47523b5cc2ee3f798954e03d","contentHash":"37c953a122b6972c28eb55bc613e0b55_10.3.2"},"/home/aneopsy/AneoChain/src/blockchain/blocks.js":{"path":"/home/aneopsy/AneoChain/src/blockchain/blocks.js","statementMap":{"0":{"start":{"line":1,"column":14},"end":{"line":1,"column":32}},"1":{"start":{"line":2,"column":10},"end":{"line":2,"column":26}},"2":{"start":{"line":6,"column":21},"end":{"line":6,"column":33}},"3":{"start":{"line":7,"column":8},"end":{"line":7,"column":76}},"4":{"start":{"line":7,"column":31},"end":{"line":7,"column":66}},"5":{"start":{"line":8,"column":8},"end":{"line":8,"column":22}},"6":{"start":{"line":12,"column":0},"end":{"line":12,"column":24}}},"fnMap":{"0":{"name":"(anonymous_0)","decl":{"start":{"line":5,"column":4},"end":{"line":5,"column":5}},"loc":{"start":{"line":5,"column":26},"end":{"line":9,"column":5}},"line":5},"1":{"name":"(anonymous_1)","decl":{"start":{"line":7,"column":18},"end":{"line":7,"column":19}},"loc":{"start":{"line":7,"column":29},"end":{"line":7,"column":68}},"line":7}},"branchMap":{},"s":{"0":1,"1":1,"2":1,"3":1,"4":3,"5":1,"6":1},"f":{"0":1,"1":3},"b":{},"_coverageSchema":"332fd63041d2c1bcb487cc26dd0d5f7d97098a6c","hash":"6fb8a3588bc7ccd90a4eccc95df45ccc3f058bbb","contentHash":"7c83afdcba9ad3279363f1792e68fb1b_10.3.2"},"/home/aneopsy/AneoChain/src/blockchain/blockchainAssertionError.js":{"path":"/home/aneopsy/AneoChain/src/blockchain/blockchainAssertionError.js","statementMap":{"0":{"start":{"line":1,"column":22},"end":{"line":1,"column":54}},"1":{"start":{"line":5,"column":0},"end":{"line":5,"column":42}}},"fnMap":{},"branchMap":{},"s":{"0":1,"1":1},"f":{},"b":{},"_coverageSchema":"332fd63041d2c1bcb487cc26dd0d5f7d97098a6c","hash":"fd874a6056b6e7b2c60a457220c9ab6f0b0ec83c","contentHash":"04601a327365263c48fb1510e1f4f6cf_10.3.2"},"/home/aneopsy/AneoChain/src/operator/index.js":{"path":"/home/aneopsy/AneoChain/src/operator/index.js","statementMap":{"0":{"start":{"line":1,"column":10},"end":{"line":1,"column":26}},"1":{"start":{"line":2,"column":16},"end":{"line":2,"column":36}},"2":{"start":{"line":3,"column":15},"end":{"line":3,"column":34}},"3":{"start":{"line":4,"column":20},"end":{"line":4,"column":56}},"4":{"start":{"line":5,"column":27},"end":{"line":5,"column":58}},"5":{"start":{"line":6,"column":11},"end":{"line":6,"column":32}},"6":{"start":{"line":7,"column":22},"end":{"line":7,"column":54}},"7":{"start":{"line":9,"column":22},"end":{"line":9,"column":36}},"8":{"start":{"line":13,"column":8},"end":{"line":13,"column":80}},"9":{"start":{"line":16,"column":8},"end":{"line":16,"column":45}},"10":{"start":{"line":17,"column":8},"end":{"line":17,"column":37}},"11":{"start":{"line":21,"column":8},"end":{"line":21,"column":34}},"12":{"start":{"line":22,"column":8},"end":{"line":22,"column":36}},"13":{"start":{"line":23,"column":8},"end":{"line":23,"column":22}},"14":{"start":{"line":27,"column":24},"end":{"line":27,"column":53}},"15":{"start":{"line":28,"column":8},"end":{"line":28,"column":41}},"16":{"start":{"line":32,"column":24},"end":{"line":32,"column":45}},"17":{"start":{"line":33,"column":8},"end":{"line":33,"column":41}},"18":{"start":{"line":37,"column":21},"end":{"line":37,"column":49}},"19":{"start":{"line":38,"column":8},"end":{"line":38,"column":94}},"20":{"start":{"line":38,"column":28},"end":{"line":38,"column":94}},"21":{"start":{"line":40,"column":8},"end":{"line":40,"column":51}},"22":{"start":{"line":44,"column":8},"end":{"line":44,"column":28}},"23":{"start":{"line":48,"column":8},"end":{"line":48,"column":83}},"24":{"start":{"line":48,"column":36},"end":{"line":48,"column":65}},"25":{"start":{"line":52,"column":21},"end":{"line":52,"column":49}},"26":{"start":{"line":53,"column":8},"end":{"line":53,"column":94}},"27":{"start":{"line":53,"column":28},"end":{"line":53,"column":94}},"28":{"start":{"line":55,"column":22},"end":{"line":55,"column":46}},"29":{"start":{"line":56,"column":8},"end":{"line":56,"column":36}},"30":{"start":{"line":57,"column":8},"end":{"line":57,"column":23}},"31":{"start":{"line":61,"column":21},"end":{"line":61,"column":49}},"32":{"start":{"line":62,"column":8},"end":{"line":62,"column":94}},"33":{"start":{"line":62,"column":28},"end":{"line":62,"column":94}},"34":{"start":{"line":64,"column":24},"end":{"line":64,"column":45}},"35":{"start":{"line":65,"column":8},"end":{"line":65,"column":25}},"36":{"start":{"line":69,"column":21},"end":{"line":69,"column":49}},"37":{"start":{"line":70,"column":8},"end":{"line":70,"column":94}},"38":{"start":{"line":70,"column":28},"end":{"line":70,"column":94}},"39":{"start":{"line":72,"column":27},"end":{"line":72,"column":66}},"40":{"start":{"line":73,"column":8},"end":{"line":73,"column":125}},"41":{"start":{"line":73,"column":34},"end":{"line":73,"column":125}},"42":{"start":{"line":75,"column":8},"end":{"line":75,"column":28}},"43":{"start":{"line":79,"column":22},"end":{"line":79,"column":67}},"44":{"start":{"line":80,"column":19},"end":{"line":80,"column":76}},"45":{"start":{"line":81,"column":8},"end":{"line":81,"column":52}},"46":{"start":{"line":85,"column":19},"end":{"line":85,"column":82}},"47":{"start":{"line":86,"column":21},"end":{"line":86,"column":49}},"48":{"start":{"line":88,"column":8},"end":{"line":88,"column":94}},"49":{"start":{"line":88,"column":28},"end":{"line":88,"column":94}},"50":{"start":{"line":90,"column":24},"end":{"line":90,"column":67}},"51":{"start":{"line":92,"column":8},"end":{"line":92,"column":139}},"52":{"start":{"line":92,"column":31},"end":{"line":92,"column":139}},"53":{"start":{"line":94,"column":17},"end":{"line":94,"column":41}},"54":{"start":{"line":95,"column":8},"end":{"line":95,"column":22}},"55":{"start":{"line":96,"column":8},"end":{"line":96,"column":35}},"56":{"start":{"line":97,"column":8},"end":{"line":97,"column":52}},"57":{"start":{"line":98,"column":8},"end":{"line":98,"column":18}},"58":{"start":{"line":99,"column":8},"end":{"line":99,"column":27}},"59":{"start":{"line":101,"column":8},"end":{"line":101,"column":48}},"60":{"start":{"line":105,"column":0},"end":{"line":105,"column":26}}},"fnMap":{"0":{"name":"(anonymous_0)","decl":{"start":{"line":12,"column":4},"end":{"line":12,"column":5}},"loc":{"start":{"line":12,"column":36},"end":{"line":18,"column":5}},"line":12},"1":{"name":"(anonymous_1)","decl":{"start":{"line":20,"column":4},"end":{"line":20,"column":5}},"loc":{"start":{"line":20,"column":22},"end":{"line":24,"column":5}},"line":20},"2":{"name":"(anonymous_2)","decl":{"start":{"line":26,"column":4},"end":{"line":26,"column":5}},"loc":{"start":{"line":26,"column":39},"end":{"line":29,"column":5}},"line":26},"3":{"name":"(anonymous_3)","decl":{"start":{"line":31,"column":4},"end":{"line":31,"column":5}},"loc":{"start":{"line":31,"column":31},"end":{"line":34,"column":5}},"line":31},"4":{"name":"(anonymous_4)","decl":{"start":{"line":36,"column":4},"end":{"line":36,"column":5}},"loc":{"start":{"line":36,"column":48},"end":{"line":41,"column":5}},"line":36},"5":{"name":"(anonymous_5)","decl":{"start":{"line":43,"column":4},"end":{"line":43,"column":5}},"loc":{"start":{"line":43,"column":17},"end":{"line":45,"column":5}},"line":43},"6":{"name":"(anonymous_6)","decl":{"start":{"line":47,"column":4},"end":{"line":47,"column":5}},"loc":{"start":{"line":47,"column":28},"end":{"line":49,"column":5}},"line":47},"7":{"name":"(anonymous_7)","decl":{"start":{"line":48,"column":22},"end":{"line":48,"column":23}},"loc":{"start":{"line":48,"column":34},"end":{"line":48,"column":67}},"line":48},"8":{"name":"(anonymous_8)","decl":{"start":{"line":51,"column":4},"end":{"line":51,"column":5}},"loc":{"start":{"line":51,"column":39},"end":{"line":58,"column":5}},"line":51},"9":{"name":"(anonymous_9)","decl":{"start":{"line":60,"column":4},"end":{"line":60,"column":5}},"loc":{"start":{"line":60,"column":36},"end":{"line":66,"column":5}},"line":60},"10":{"name":"(anonymous_10)","decl":{"start":{"line":68,"column":4},"end":{"line":68,"column":5}},"loc":{"start":{"line":68,"column":45},"end":{"line":76,"column":5}},"line":68},"11":{"name":"(anonymous_11)","decl":{"start":{"line":78,"column":4},"end":{"line":78,"column":5}},"loc":{"start":{"line":78,"column":52},"end":{"line":82,"column":5}},"line":78},"12":{"name":"(anonymous_12)","decl":{"start":{"line":84,"column":4},"end":{"line":84,"column":5}},"loc":{"start":{"line":84,"column":85},"end":{"line":102,"column":5}},"line":84}},"branchMap":{"0":{"loc":{"start":{"line":38,"column":8},"end":{"line":38,"column":94}},"type":"if","locations":[{"start":{"line":38,"column":8},"end":{"line":38,"column":94}},{"start":{"line":38,"column":8},"end":{"line":38,"column":94}}],"line":38},"1":{"loc":{"start":{"line":53,"column":8},"end":{"line":53,"column":94}},"type":"if","locations":[{"start":{"line":53,"column":8},"end":{"line":53,"column":94}},{"start":{"line":53,"column":8},"end":{"line":53,"column":94}}],"line":53},"2":{"loc":{"start":{"line":62,"column":8},"end":{"line":62,"column":94}},"type":"if","locations":[{"start":{"line":62,"column":8},"end":{"line":62,"column":94}},{"start":{"line":62,"column":8},"end":{"line":62,"column":94}}],"line":62},"3":{"loc":{"start":{"line":70,"column":8},"end":{"line":70,"column":94}},"type":"if","locations":[{"start":{"line":70,"column":8},"end":{"line":70,"column":94}},{"start":{"line":70,"column":8},"end":{"line":70,"column":94}}],"line":70},"4":{"loc":{"start":{"line":73,"column":8},"end":{"line":73,"column":125}},"type":"if","locations":[{"start":{"line":73,"column":8},"end":{"line":73,"column":125}},{"start":{"line":73,"column":8},"end":{"line":73,"column":125}}],"line":73},"5":{"loc":{"start":{"line":88,"column":8},"end":{"line":88,"column":94}},"type":"if","locations":[{"start":{"line":88,"column":8},"end":{"line":88,"column":94}},{"start":{"line":88,"column":8},"end":{"line":88,"column":94}}],"line":88},"6":{"loc":{"start":{"line":92,"column":8},"end":{"line":92,"column":139}},"type":"if","locations":[{"start":{"line":92,"column":8},"end":{"line":92,"column":139}},{"start":{"line":92,"column":8},"end":{"line":92,"column":139}}],"line":92},"7":{"loc":{"start":{"line":97,"column":18},"end":{"line":97,"column":50}},"type":"binary-expr","locations":[{"start":{"line":97,"column":18},"end":{"line":97,"column":33}},{"start":{"line":97,"column":37},"end":{"line":97,"column":50}}],"line":97}},"s":{"0":1,"1":1,"2":1,"3":1,"4":1,"5":1,"6":1,"7":1,"8":2,"9":2,"10":2,"11":1,"12":1,"13":1,"14":1,"15":1,"16":0,"17":0,"18":4,"19":4,"20":0,"21":4,"22":0,"23":10,"24":10,"25":2,"26":2,"27":0,"28":2,"29":2,"30":2,"31":0,"32":0,"33":0,"34":0,"35":0,"36":2,"37":2,"38":0,"39":2,"40":2,"41":0,"42":2,"43":2,"44":2,"45":2,"46":2,"47":2,"48":2,"49":0,"50":2,"51":2,"52":0,"53":2,"54":2,"55":2,"56":2,"57":2,"58":2,"59":2,"60":1},"f":{"0":2,"1":1,"2":1,"3":0,"4":4,"5":0,"6":10,"7":10,"8":2,"9":0,"10":2,"11":2,"12":2},"b":{"0":[0,4],"1":[0,2],"2":[0,0],"3":[0,2],"4":[0,2],"5":[0,2],"6":[0,2],"7":[2,0]},"_coverageSchema":"332fd63041d2c1bcb487cc26dd0d5f7d97098a6c","hash":"8a224118c3447865cc53260eb53ab9f8f6b2ffa8","contentHash":"a6591d7aa62d9f2bd4d4abc4f5faa263_10.3.2"},"/home/aneopsy/AneoChain/src/operator/wallets.js":{"path":"/home/aneopsy/AneoChain/src/operator/wallets.js","statementMap":{"0":{"start":{"line":1,"column":15},"end":{"line":1,"column":34}},"1":{"start":{"line":2,"column":10},"end":{"line":2,"column":26}},"2":{"start":{"line":6,"column":22},"end":{"line":6,"column":35}},"3":{"start":{"line":7,"column":8},"end":{"line":7,"column":80}},"4":{"start":{"line":7,"column":32},"end":{"line":7,"column":70}},"5":{"start":{"line":8,"column":8},"end":{"line":8,"column":23}},"6":{"start":{"line":12,"column":0},"end":{"line":12,"colum
[...]
,"35":1},"f":{"0":2,"1":2,"2":0,"3":2,"4":0},"b":{"0":[1,1],"1":[2,0]},"_coverageSchema":"332fd63041d2c1bcb487cc26dd0d5f7d97098a6c","hash":"a0d5c1311585990bf5111f995cc45244bb73e79c","contentHash":"2cc95492375dd2414ff73f41203af200_10.3.2"},"/home/aneopsy/AneoChain/src/node/index.js":{"path":"/home/aneopsy/AneoChain/src/node/index.js","statementMap":{"0":{"start":{"line":1,"column":19},"end":{"line":1,"column":40}},"1":{"start":{"line":2,"column":14},"end":{"line":2,"column":44}},"2":{"start":{"line":3,"column":15},"end":{"line":3,"column":46}},"3":{"start":{"line":4,"column":21},"end":{"line":4,"column":58}},"4":{"start":{"line":5,"column":10},"end":{"line":5,"column":26}},"5":{"start":{"line":9,"column":8},"end":{"line":9,"column":25}},"6":{"start":{"line":10,"column":8},"end":{"line":10,"column":25}},"7":{"start":{"line":11,"column":8},"end":{"line":11,"column":24}},"8":{"start":{"line":12,"column":8},"end":{"line":12,"column":37}},"9":{"start":{"line":13,"column":8},"end":{"line":13,"column":30}},"10":{"start":{"line":14,"column":8},"end":{"line":14,"column":35}},"11":{"start":{"line":19,"column":8},"end":{"line":21,"column":11}},"12":{"start":{"line":20,"column":12},"end":{"line":20,"column":56}},"13":{"start":{"line":23,"column":8},"end":{"line":25,"column":11}},"14":{"start":{"line":24,"column":12},"end":{"line":24,"column":65}},"15":{"start":{"line":27,"column":8},"end":{"line":29,"column":11}},"16":{"start":{"line":28,"column":12},"end":{"line":28,"column":65}},"17":{"start":{"line":33,"column":8},"end":{"line":33,"column":39}},"18":{"start":{"line":34,"column":8},"end":{"line":34,"column":23}},"19":{"start":{"line":39,"column":17},"end":{"line":39,"column":51}},"20":{"start":{"line":40,"column":8},"end":{"line":51,"column":17}},"21":{"start":{"line":42,"column":12},"end":{"line":50,"column":13}},"22":{"start":{"line":42,"column":48},"end":{"line":42,"column":79}},"23":{"start":{"line":43,"column":16},"end":{"line":43,"column":49}},"24":{"start":{"line":44,"column":16},"end":{"line":44,"column":71}},"25":{"start":{"line":45,"column":16},"end":{"line":45,"column":38}},"26":{"start":{"line":46,"column":16},"end":{"line":46,"column":42}},"27":{"start":{"line":47,"column":16},"end":{"line":47,"column":52}},"28":{"start":{"line":49,"column":16},"end":{"line":49,"column":99}},"29":{"start":{"line":57,"column":8},"end":{"line":57,"column":34}},"30":{"start":{"line":58,"column":8},"end":{"line":58,"column":35}},"31":{"start":{"line":62,"column":20},"end":{"line":62,"column":44}},"32":{"start":{"line":63,"column":8},"end":{"line":63,"column":66}},"33":{"start":{"line":64,"column":8},"end":{"line":69,"column":15}},"34":{"start":{"line":68,"column":16},"end":{"line":68,"column":81}},"35":{"start":{"line":73,"column":20},"end":{"line":73,"column":58}},"36":{"start":{"line":74,"column":19},"end":{"line":74,"column":23}},"37":{"start":{"line":75,"column":8},"end":{"line":75,"column":58}},"38":{"start":{"line":76,"column":8},"end":{"line":84,"column":15}},"39":{"start":{"line":80,"column":16},"end":{"line":80,"column":66}},"40":{"start":{"line":83,"column":16},"end":{"line":83,"column":87}},"41":{"start":{"line":88,"column":20},"end":{"line":88,"column":58}},"42":{"start":{"line":89,"column":8},"end":{"line":89,"column":56}},"43":{"start":{"line":90,"column":8},"end":{"line":95,"column":15}},"44":{"start":{"line":94,"column":16},"end":{"line":94,"column":86}},"45":{"start":{"line":99,"column":20},"end":{"line":99,"column":51}},"46":{"start":{"line":100,"column":19},"end":{"line":100,"column":23}},"47":{"start":{"line":101,"column":8},"end":{"line":101,"column":52}},"48":{"start":{"line":102,"column":8},"end":{"line":110,"column":15}},"49":{"start":{"line":106,"column":16},"end":{"line":106,"column":68}},"50":{"start":{"line":109,"column":16},"end":{"line":109,"column":81}},"51":{"start":{"line":114,"column":20},"end":{"line":114,"column":57}},"52":{"start":{"line":115,"column":8},"end":{"line":115,"column":77}},"53":{"start":{"line":116,"column":8},"end":{"line":121,"column":15}},"54":{"start":{"line":120,"column":16},"end":{"line":120,"column":84}},"55":{"start":{"line":125,"column":20},"end":{"line":125,"column":57}},"56":{"start":{"line":126,"column":19},"end":{"line":126,"column":23}},"57":{"start":{"line":127,"column":8},"end":{"line":127,"column":58}},"58":{"start":{"line":128,"column":8},"end":{"line":135,"column":15}},"59":{"start":{"line":131,"column":16},"end":{"line":131,"column":71}},"60":{"start":{"line":134,"column":16},"end":{"line":134,"column":86}},"61":{"start":{"line":140,"column":20},"end":{"line":140,"column":81}},"62":{"start":{"line":141,"column":8},"end":{"line":141,"column":58}},"63":{"start":{"line":142,"column":8},"end":{"line":149,"column":15}},"64":{"start":{"line":145,"column":16},"end":{"line":145,"column":28}},"65":{"start":{"line":148,"column":16},"end":{"line":148,"column":29}},"66":{"start":{"line":154,"column":27},"end":{"line":154,"column":105}},"67":{"start":{"line":155,"column":8},"end":{"line":160,"column":15}},"68":{"start":{"line":156,"column":12},"end":{"line":156,"column":61}},"69":{"start":{"line":159,"column":16},"end":{"line":159,"column":56}},"70":{"start":{"line":165,"column":8},"end":{"line":165,"column":37}},"71":{"start":{"line":166,"column":8},"end":{"line":168,"column":17}},"72":{"start":{"line":167,"column":12},"end":{"line":167,"column":44}},"73":{"start":{"line":173,"column":8},"end":{"line":180,"column":25}},"74":{"start":{"line":174,"column":35},"end":{"line":174,"column":85}},"75":{"start":{"line":176,"column":12},"end":{"line":179,"column":13}},"76":{"start":{"line":177,"column":16},"end":{"line":177,"column":72}},"77":{"start":{"line":178,"column":16},"end":{"line":178,"column":60}},"78":{"start":{"line":184,"column":8},"end":{"line":184,"column":49}},"79":{"start":{"line":188,"column":31},"end":{"line":188,"column":77}},"80":{"start":{"line":188,"column":56},"end":{"line":188,"column":75}},"81":{"start":{"line":189,"column":36},"end":{"line":189,"column":77}},"82":{"start":{"line":190,"column":32},"end":{"line":190,"column":62}},"83":{"start":{"line":193,"column":8},"end":{"line":196,"column":9}},"84":{"start":{"line":194,"column":12},"end":{"line":194,"column":90}},"85":{"start":{"line":195,"column":12},"end":{"line":195,"column":25}},"86":{"start":{"line":198,"column":8},"end":{"line":198,"column":125}},"87":{"start":{"line":199,"column":8},"end":{"line":211,"column":9}},"88":{"start":{"line":200,"column":12},"end":{"line":200,"column":66}},"89":{"start":{"line":201,"column":12},"end":{"line":201,"column":58}},"90":{"start":{"line":202,"column":12},"end":{"line":202,"column":24}},"91":{"start":{"line":203,"column":15},"end":{"line":211,"column":9}},"92":{"start":{"line":204,"column":12},"end":{"line":204,"column":58}},"93":{"start":{"line":205,"column":12},"end":{"line":205,"column":43}},"94":{"start":{"line":206,"column":12},"end":{"line":206,"column":24}},"95":{"start":{"line":208,"column":12},"end":{"line":208,"column":82}},"96":{"start":{"line":209,"column":12},"end":{"line":209,"column":57}},"97":{"start":{"line":210,"column":12},"end":{"line":210,"column":24}},"98":{"start":{"line":215,"column":0},"end":{"line":215,"column":22}}},"fnMap":{"0":{"name":"(anonymous_0)","decl":{"start":{"line":8,"column":4},"end":{"line":8,"column":5}},"loc":{"start":{"line":8,"column":47},"end":{"line":15,"column":5}},"line":8},"1":{"name":"(anonymous_1)","decl":{"start":{"line":17,"column":4},"end":{"line":17,"column":5}},"loc":{"start":{"line":17,"column":21},"end":{"line":30,"column":5}},"line":17},"2":{"name":"(anonymous_2)","decl":{"start":{"line":19,"column":49},"end":{"line":19,"column":50}},"loc":{"start":{"line":19,"column":60},"end":{"line":21,"column":9}},"line":19},"3":{"name":"(anonymous_3)","decl":{"start":{"line":23,"column":55},"end":{"line":23,"column":56}},"loc":{"start":{"line":23,"column":75},"end":{"line":25,"column":9}},"line":23},"4":{"name":"(anonymous_4)","decl":{"start":{"line":27,"column":57},"end":{"line":27,"column":58}},"loc":{"start":{"line":27,"column":69},"end":{"line":29,"column":9}},"line":27},"5":{"name":"(anonymous_5)","decl":{"start":{"line":32,"column":4},"end":{"line":32,"column":5}},"loc":{"start":{"line":32,"column":27},"end":{"line":35,"column":5}},"line":32},"6":{"name":"(anonymous_6)","decl":{"start":{"line":37,"column":4},"end":{"line":37,"column":5}},"loc":{"start":{"line":37,"column":29},"end":{"line":53,"column":5}},"line":37},"7":{"name":"(anonymous_7)","decl":{"start":{"line":40,"column":25},"end":{"line":40,"column":26}},"loc":{"start":{"line":40,"column":35},"end":{"line":51,"column":9}},"line":40},"8":{"name":"(anonymous_8)","decl":{"start":{"line":42,"column":33},"end":{"line":42,"column":34}},"loc":{"start":{"line":42,"column":46},"end":{"line":42,"column":81}},"line":42},"9":{"name":"(anonymous_9)","decl":{"start":{"line":55,"column":4},"end":{"line":55,"column":5}},"loc":{"start":{"line":55,"column":25},"end":{"line":59,"column":5}},"line":55},"10":{"name":"(anonymous_10)","decl":{"start":{"line":61,"column":4},"end":{"line":61,"column":5}},"loc":{"start":{"line":61,"column":31},"end":{"line":70,"column":5}},"line":61},"11":{"name":"(anonymous_11)","decl":{"start":{"line":67,"column":19},"end":{"line":67,"column":20}},"loc":{"start":{"line":67,"column":28},"end":{"line":69,"column":13}},"line":67},"12":{"name":"(anonymous_12)","decl":{"start":{"line":72,"column":4},"end":{"line":72,"column":5}},"loc":{"start":{"line":72,"column":25},"end":{"line":85,"column":5}},"line":72},"13":{"name":"(anonymous_13)","decl":{"start":{"line":78,"column":18},"end":{"line":78,"column":19}},"loc":{"start":{"line":78,"column":27},"end":{"line":81,"column":13}},"line":78},"14":{"name":"(anonymous_14)","decl":{"start":{"line":82,"column":19},"end":{"line":82,"column":20}},"loc":{"start":{"line":82,"column":28},"end":{"line":84,"column":13}},"line":82},"15":{"name":"(anonymous_15)","decl":{"start":{"line":87,"column":4},"end":{"line":87,"column":5}},"loc":{"start":{"line":87,"column":33},"end":{"line":96,"column":5}},"line":87},"16":{"name":"(anonymous_16)","decl":{"start":{"line":93,"column":19},"end":{"line":93,"column":20}},"loc":{"start":{"line":93,"column":28},"end":{"line":95,"column":13}},"line":93},"17":{"name":"(anonymous_17)","decl":{"start":{"line":98,"column":4},"end":{"line":98,"column":5}},"loc":{"start":{"line":98,"column":20},"end":{"line":111,"column":5}},"line":98},"18":{"name":"(anonymous_18)","decl":{"start":{"line":104,"column":18},"end":{"line":104,"column":19}},"loc":{"start":{"line":104,"column":27},"end":{"line":107,"column":13}},"line":104},"19":{"name":"(anonymous_19)","decl":{"start":{"line":108,"column":19},"end":{"line":108,"column":20}},"loc":{"start":{"line":108,"column":28},"end":{"line":110,"column":13}},"line":108},"20":{"name":"(anonymous_20)","decl":{"start":{"line":113,"column":4},"end":{"line":113,"column":5}},"loc":{"start":{"line":113,"column":39},"end":{"line":122,"column":5}},"line":113},"21":{"name":"(anonymous_21)","decl":{"start":{"line":119,"column":19},"end":{"line":119,"column":20}},"loc":{"start":{"line":119,"column":28},"end":{"line":121,"column":13}},"line":119},"22":{"name":"(anonymous_22)","decl":{"start":{"line":124,"column":4},"end":{"line":124,"column":5}},"loc":{"start":{"line":124,"column":26},"end":{"line":136,"column":5}},"line":124},"23":{"name":"(anonymous_23)","decl":{"start":{"line":130,"column":18},"end":{"line":130,"column":19}},"loc":{"start":{"line":130,"column":27},"end":{"line":132,"column":13}},"line":130},"24":{"name":"(anonymous_24)","decl":{"start":{"line":133,"column":19},"end":{"line":133,"column":20}},"loc":{"start":{"line":133,"column":28},"end":{"line":135,"column":13}},"line":133},"25":{"name":"(anonymous_25)","decl":{"start":{"line":138,"column":4},"end":{"line":138,"column":5}},"loc":{"start":{"line":138,"column":41},"end":{"line":150,"column":5}},"line":138},"26":{"name":"(anonymous_26)","decl":{"start":{"line":144,"column":18},"end":{"line":144,"column":19}},"loc":{"start":{"line":144,"column":24},"end":{"line":146,"column":13}},"line":144},"27":{"name":"(anonymous_27)","decl":{"start":{"line":147,"column":19},"end":{"line":147,"column":20}},"loc":{"start":{"line":147,"column":25},"end":{"line":149,"column":13}},"line":147},"28":{"name":"(anonymous_28)","decl":{"start":{"line":152,"column":4},"end":{"line":152,"column":5}},"loc":{"start":{"line":152,"column":36},"end":{"line":161,"column":5}},"line":152},"29":{"name":"(anonymous_29)","decl":{"start":{"line":155,"column":33},"end":{"line":155,"column":34}},"loc":{"start":{"line":155,"column":43},"end":{"line":157,"column":9}},"line":155},"30":{"name":"(anonymous_30)","decl":{"start":{"line":158,"column":18},"end":{"line":158,"column":19}},"loc":{"start":{"line":158,"column":30},"end":{"line":160,"column":13}},"line":158},"31":{"name":"(anonymous_31)","decl":{"start":{"line":163,"column":4},"end":{"line":163,"column":5}},"loc":{"start":{"line":163,"column":27},"end":{"line":169,"column":5}},"line":163},"32":{"name":"(anonymous_32)","decl":{"start":{"line":166,"column":23},"end":{"line":166,"column":24}},"loc":{"start":{"line":166,"column":33},"end":{"line":168,"column":9}},"line":166},"33":{"name":"(anonymous_33)","decl":{"start":{"line":171,"column":4},"end":{"line":171,"column":5}},"loc":{"start":{"line":171,"column":35},"end":{"line":181,"column":5}},"line":171},"34":{"name":"(anonymous_34)","decl":{"start":{"line":173,"column":18},"end":{"line":173,"column":19}},"loc":{"start":{"line":173,"column":35},"end":{"line":180,"column":9}},"line":173},"35":{"name":"(anonymous_35)","decl":{"start":{"line":183,"column":4},"end":{"line":183,"column":5}},"loc":{"start":{"line":183,"column":30},"end":{"line":185,"column":5}},"line":183},"36":{"name":"(anonymous_36)","decl":{"start":{"line":187,"column":4},"end":{"line":187,"column":5}},"loc":{"start":{"line":187,"column":32},"end":{"line":212,"column":5}},"line":187},"37":{"name":"(anonymous_37)","decl":{"start":{"line":188,"column":43},"end":{"line":188,"column":44}},"loc":{"start":{"line":188,"column":56},"end":{"line":188,"column":75}},"line":188}},"branchMap":{"0":{"loc":{"start":{"line":42,"column":12},"end":{"line":50,"column":13}},"type":"if","locations":[{"start":{"line":42,"column":12},"end":{"line":50,"column":13}},{"start":{"line":42,"column":12},"end":{"line":50,"column":13}}],"line":42},"1":{"loc":{"start":{"line":42,"column":16},"end":{"line":42,"column":100}},"type":"binary-expr","locations":[{"start":{"line":42,"column":16},"end":{"line":42,"column":82}},{"start":{"line":42,"column":86},"end":{"line":42,"column":100}}],"line":42},"2":{"loc":{"start":{"line":154,"column":27},"end":{"line":154,"column":105}},"type":"cond-expr","locations":[{"start":{"line":154,"column":93},"end":{"line":154,"column":97}},{"start":{"line":154,"column":100},"end":{"line":154,"column":105}}],"line":154},"3":{"loc":{"start":{"line":176,"column":12},"end":{"line":179,"column":13}},"type":"if","locations":[{"start":{"line":176,"column":12},"end":{"line":179,"column":13}},{"start":{"line":176,"column":12},"end":{"line":179,"column":13}}],"line":176},"4":{"loc":{"start":{"line":193,"column":8},"end":{"line":196,"column":9}},"type":"if","locations":[{"start":{"line":193,"column":8},"end":{"line":196,"column":9}},{"start":{"line":193,"column":8},"end":{"line":196,"column":9}}],"line":193},"5":{"loc":{"start":{"line":199,"column":8},"end":{"line":211,"column":9}},"type":"if","locations":[{"start":{"line":199,"column":8},"end":{"line":211,"column":9}},{"start":{"line":199,"column":8},"end":{"line":211,"column":9}}],"line":199},"6":{"loc":{"start":{"line":203,"column":15},"end":{"line":211,"column":9}},"type":"if","locations":[{"start":{"line":203,"column":15},"end":{"line":211,"column":9}},{"start":{"line":203,"column":15},"end":{"line":211,"column":9}}],"line":203}},"s":{"0":1,"1":1,"2":1,"3":1,"4":1,"5":2,"6":2,"7":2,"8":2,"9":2,"10":2,"11":2,"12":2,"13":2,"14":3,"15":2,"16":1,"17":4,"18":4,"19":6,"20":6,"21":5,"22":3,"23":2,"24":2,"25":2,"26":2,"27":2,"28":3,"29":2,"30":2,"31":4,"32":4,"33":4,"34":0,"35":2,"36":2,"37":2,"38":2,"39":2,"40":0,"41":1,"42":1,"43":1,"44":1,"45":1,"46":1,"47":1,"48":1,"49":1,"50":0,"51":2,"52":2,"53":2,"54":1,"55":2,"56":2,"57":2,"58":2,"59":2,"60":0,"61":2,"62":2,"63":2,"64":2,"65":0,"66":3,"67":3,"68":2,"69":3,"70":9,"71":9,"72":6,"73":2,"74":0,"75":0,"76":0,"77":0,"78":3,"79":4,"80":2,"81":4,"82":4,"83":4,"84":2,"85":2,"86":2,"87":2,"88":0,"89":0,"90":0,"91":2,"92":1,"93":1,"94":1,"95":1,"96":1,"97":1,"98":1},"f":{"0":2,"1":2,"2":2,"3":3,"4":1,"5":4,"6":6,"7":5,"8":3,"9":2,"10":4,"11":0,"12":2,"13":2,"14":0,"15":1,"16":1,"17":1,"18":1,"19":0,"20":2,"21":1,"22":2,"23":2,"24":0,"25":2,"26":2,"27":0,"28":3,"29":2,"30":3,"31":9,"32":6,"33":2,"34":0,"35":3,"36":4,"37":2},"b":{"0":[2,3],"1":[5,4],"2":[3,0],"3":[0,0],"4":[2,2],"5":[0,2],"6":[1,1]},"_coverageSchema":"332fd63041d2c1bcb487cc26dd0d5f7d97098a6c","hash":"a03082876ad860139e699470905b2b164eab122d","contentHash":"d6eab7591fd3e7fe0cfef6655634817e_10.3.2"},"/home/aneopsy/AneoChain/src/util/consoleWrapper.js":{"path":"/home/aneopsy/AneoChain/src/util/consoleWrapper.js","statementMap":{"0":{"start":{"line":1,"column":12},"end":{"line":1,"column":32}},"1":{"start":{"line":3,"column":0},"end":{"line":79,"column":2}},"2":{"start":{"line":4,"column":20},"end":{"line":4,"column":22}},"3":{"start":{"line":6,"column":22},"end":{"line":9,"column":3}},"4":{"start":{"line":7,"column":4},"end":{"line":7,"column":140}},"5":{"start":{"line":8,"column":4},"end":{"line":8,"column":96}},"6":{"start":{"line":8,"column":71},"end":{"line":8,"column":96}},"7":{"start":{"line":11,"column":16},"end":{"line":71,"column":3}},"8":{"start":{"line":73,"column":2},"end":{"line":78,"column":5}},"9":{"start":{"line":74,"column":4},"end":{"line":74,"column":68}},"10":{"start":{"line":75,"column":4},"end":{"line":77,"column":6}},"11":{"start":{"line":76,"column":6},"end":{"line":76,"column":54}}},"fnMap":{"0":{"name":"(anonymous_0)","decl":{"start":{"line":3,"column":17},"end":{"line":3,"column":18}},"loc":{"start":{"line":3,"column":38},"end":{"line":79,"column":1}},"line":3},"1":{"name":"(anonymous_1)","decl":{"start":{"line":6,"column":22},"end":{"line":6,"column":23}},"loc":{"start":{"line":6,"column":51},"end":{"line":9,"column":3}},"line":6},"2":{"name":"(anonymous_2)","decl":{"start":{"line":73,"column":18},"end":{"line":73,"column":19}},"loc":{"start":{"line":73,"column":43},"end":{"line":78,"column":3}},"line":73},"3":{"name":"(anonymous_3)","decl":{"start":{"line":75,"column":35},"end":{"line":75,"column":36}},"loc":{"start":{"line":75,"column":48},"end":{"line":77,"column":5}},"line":75}},"branchMap":{"0":{"loc":{"start":{"line":3,"column":24},"end":{"line":3,"column":33}},"type":"default-arg","locations":[{"start":{"line":3,"column":32},"end":{"line":3,"column":33}}],"line":3},"1":{"loc":{"start":{"line":7,"column":116},"end":{"line":7,"column":138}},"type":"cond-expr","locations":[{"start":{"line":7,"column":126},"end":{"line":7,"column":133}},{"start":{"line":7,"column":136},"end":{"line":7,"column":138}}],"line":7},"2":{"loc":{"start":{"line":8,"column":4},"end":{"line":8,"column":96}},"type":"if","locations":[{"start":{"line":8,"column":4},"end":{"line":8,"column":96}},{"start":{"line":8,"column":4},"end":{"line":8,"column":96}}],"line":8},"3":{"loc":{"start":{"line":8,"column":8},"end":{"line":8,"column":69}},"type":"binary-expr","locations":[{"start":{"line":8,"column":8},"end":{"line":8,"column":37}},{"start":{"line":8,"column":41},"end":{"line":8,"column":69}}],"line":8}},"s":{"0":1,"1":1,"2":1,"3":1,"4":111,"5":111,"6":59,"7":1,"8":1,"9":10,"10":10,"11":111},"f":{"0":1,"1":111,"2":10,"3":111},"b":{"0":[0],"1":[107,4],"2":[59,52],"3":[111,111]},"_coverageSchema":"332fd63041d2c1bcb487cc26dd0d5f7d97098a6c","hash":"7e384df04823017d2f05398cd3087b230f5066ea","contentHash":"f17235c4bf2218a1a6c66e9e7c0c59a8_10.3.2"}}